<?xml version="1.0" encoding="UTF-8"?>
<coverage generated="1502577820790" clover="3.2.0">
  <project timestamp="1502577820790" name="All files">
    <metrics statements="56" coveredstatements="26" conditionals="16" coveredconditionals="4" methods="12" coveredmethods="4" elements="84" coveredelements="34" complexity="0" loc="56" ncloc="56" packages="3" files="5" classes="5">
      <package name="actions">
        <metrics statements="28" coveredstatements="15" conditionals="0" coveredconditionals="0" methods="9" coveredmethods="2"/>
        <file name="authActions.js" path="/Users/aandeladeveloper/Desktop/PostIt/client/src/actions/authActions.js">
          <metrics statements="15" coveredstatements="2" conditionals="0" coveredconditionals="0" methods="9" coveredmethods="2"/>
          <line num="16" count="0" type="stmt"/>
          <line num="27" count="0" type="stmt"/>
          <line num="31" count="0" type="stmt"/>
          <line num="32" count="0" type="stmt"/>
          <line num="33" count="0" type="stmt"/>
          <line num="44" count="1" type="stmt"/>
          <line num="45" count="1" type="stmt"/>
          <line num="46" count="0" type="stmt"/>
          <line num="50" count="0" type="stmt"/>
          <line num="51" count="0" type="stmt"/>
          <line num="56" count="0" type="stmt"/>
          <line num="65" count="0" type="stmt"/>
          <line num="66" count="0" type="stmt"/>
          <line num="68" count="0" type="stmt"/>
          <line num="69" count="0" type="stmt"/>
        </file>
        <file name="types.js" path="/Users/aandeladeveloper/Desktop/PostIt/client/src/actions/types.js">
          <metrics statements="13" coveredstatements="13" conditionals="0" coveredconditionals="0" methods="0" coveredmethods="0"/>
          <line num="1" count="3" type="stmt"/>
          <line num="2" count="3" type="stmt"/>
          <line num="3" count="3" type="stmt"/>
          <line num="4" count="3" type="stmt"/>
          <line num="5" count="3" type="stmt"/>
          <line num="6" count="3" type="stmt"/>
          <line num="7" count="3" type="stmt"/>
          <line num="8" count="3" type="stmt"/>
          <line num="9" count="3" type="stmt"/>
          <line num="10" count="3" type="stmt"/>
          <line num="11" count="3" type="stmt"/>
          <line num="12" count="3" type="stmt"/>
          <line num="13" count="3" type="stmt"/>
        </file>
      </package>
      <package name="reducers">
        <metrics statements="25" coveredstatements="11" conditionals="14" coveredconditionals="4" methods="2" coveredmethods="2"/>
        <file name="auth.js" path="/Users/aandeladeveloper/Desktop/PostIt/client/src/reducers/auth.js">
          <metrics statements="4" coveredstatements="4" conditionals="4" coveredconditionals="3" methods="1" coveredmethods="1"/>
          <line num="6" count="1" type="stmt"/>
          <line num="17" count="3" type="cond" truecount="2" falsecount="0"/>
          <line num="19" count="2" type="stmt"/>
          <line num="23" count="1" type="stmt"/>
        </file>
        <file name="groupReducer.js" path="/Users/aandeladeveloper/Desktop/PostIt/client/src/reducers/groupReducer.js">
          <metrics statements="21" coveredstatements="7" conditionals="10" coveredconditionals="1" methods="1" coveredmethods="1"/>
          <line num="3" count="1" type="stmt"/>
          <line num="17" count="1" type="stmt"/>
          <line num="18" count="1" type="cond" truecount="1" falsecount="7"/>
          <line num="20" count="0" type="stmt"/>
          <line num="21" count="0" type="stmt"/>
          <line num="22" count="0" type="stmt"/>
          <line num="25" count="0" type="stmt"/>
          <line num="26" count="0" type="stmt"/>
          <line num="29" count="1" type="stmt"/>
          <line num="30" count="1" type="stmt"/>
          <line num="31" count="1" type="stmt"/>
          <line num="32" count="1" type="stmt"/>
          <line num="35" count="0" type="stmt"/>
          <line num="36" count="0" type="stmt"/>
          <line num="39" count="0" type="stmt"/>
          <line num="40" count="0" type="stmt"/>
          <line num="43" count="0" type="stmt"/>
          <line num="44" count="0" type="stmt"/>
          <line num="47" count="0" type="stmt"/>
          <line num="48" count="0" type="stmt"/>
          <line num="51" count="0" type="stmt"/>
        </file>
      </package>
      <package name="utils">
        <metrics statements="3" coveredstatements="0" conditionals="2" coveredconditionals="0" methods="1" coveredmethods="0"/>
        <file name="setAuthorizationToken.js" path="/Users/aandeladeveloper/Desktop/PostIt/client/src/utils/setAuthorizationToken.js">
          <metrics statements="3" coveredstatements="0" conditionals="2" coveredconditionals="0" methods="1" coveredmethods="0"/>
          <line num="12" count="0" type="cond" truecount="0" falsecount="2"/>
          <line num="13" count="0" type="stmt"/>
          <line num="15" count="0" type="stmt"/>
        </file>
      </package>
    </metrics>
  </project>
</coverage>
