{"/Users/aandeladeveloper/Desktop/PostIt/client/src/actions/authActions.js": {"path":"/Users/aandeladeveloper/Desktop/PostIt/client/src/actions/authActions.js","statementMap":{"0":{"start":{"line":16,"column":4},"end":{"line":19,"column":6}},"1":{"start":{"line":27,"column":4},"end":{"line":34,"column":6}},"2":{"start":{"line":31,"column":6},"end":{"line":31,"column":42}},"3":{"start":{"line":32,"column":6},"end":{"line":32,"column":35}},"4":{"start":{"line":33,"column":6},"end":{"line":33,"column":57}},"5":{"start":{"line":44,"column":4},"end":{"line":58,"column":6}},"6":{"start":{"line":45,"column":6},"end":{"line":57,"column":9}},"7":{"start":{"line":46,"column":22},"end":{"line":46,"column":36}},"8":{"start":{"line":50,"column":8},"end":{"line":50,"column":48}},"9":{"start":{"line":51,"column":8},"end":{"line":51,"column":37}},"10":{"start":{"line":56,"column":8},"end":{"line":56,"column":73}},"11":{"start":{"line":65,"column":4},"end":{"line":74,"column":6}},"12":{"start":{"line":66,"column":6},"end":{"line":73,"column":11}},"13":{"start":{"line":68,"column":24},"end":{"line":68,"column":44}},"14":{"start":{"line":69,"column":10},"end":{"line":72,"column":13}}},"fnMap":{"0":{"name":"(anonymous_0)","decl":{"start":{"line":15,"column":2},"end":{"line":15,"column":3}},"loc":{"start":{"line":15,"column":30},"end":{"line":20,"column":3}},"line":15},"1":{"name":"(anonymous_1)","decl":{"start":{"line":26,"column":2},"end":{"line":26,"column":3}},"loc":{"start":{"line":26,"column":18},"end":{"line":35,"column":3}},"line":26},"2":{"name":"(anonymous_2)","decl":{"start":{"line":27,"column":11},"end":{"line":27,"column":12}},"loc":{"start":{"line":27,"column":25},"end":{"line":34,"column":5}},"line":27},"3":{"name":"(anonymous_3)","decl":{"start":{"line":43,"column":2},"end":{"line":43,"column":3}},"loc":{"start":{"line":43,"column":21},"end":{"line":59,"column":3}},"line":43},"4":{"name":"(anonymous_4)","decl":{"start":{"line":44,"column":11},"end":{"line":44,"column":12}},"loc":{"start":{"line":44,"column":25},"end":{"line":58,"column":5}},"line":44},"5":{"name":"(anonymous_5)","decl":{"start":{"line":45,"column":54},"end":{"line":45,"column":55}},"loc":{"start":{"line":45,"column":63},"end":{"line":57,"column":7}},"line":45},"6":{"name":"(anonymous_6)","decl":{"start":{"line":64,"column":2},"end":{"line":64,"column":3}},"loc":{"start":{"line":64,"column":20},"end":{"line":75,"column":3}},"line":64},"7":{"name":"(anonymous_7)","decl":{"start":{"line":65,"column":11},"end":{"line":65,"column":12}},"loc":{"start":{"line":65,"column":25},"end":{"line":74,"column":5}},"line":65},"8":{"name":"(anonymous_8)","decl":{"start":{"line":67,"column":14},"end":{"line":67,"column":15}},"loc":{"start":{"line":67,"column":28},"end":{"line":73,"column":9}},"line":67}},"branchMap":{},"s":{"0":0,"1":0,"2":0,"3":0,"4":0,"5":1,"6":1,"7":0,"8":0,"9":0,"10":0,"11":1,"12":1,"13":0,"14":0},"f":{"0":0,"1":0,"2":0,"3":1,"4":1,"5":0,"6":1,"7":1,"8":0},"b":{},"_coverageSchema":"332fd63041d2c1bcb487cc26dd0d5f7d97098a6c","hash":"1cf18e929c51dc7ccb6a5faadb4ff7a05acecd4c"}
,"/Users/aandeladeveloper/Desktop/PostIt/client/src/actions/groupActions.js": {"path":"/Users/aandeladeveloper/Desktop/PostIt/client/src/actions/groupActions.js","statementMap":{"0":{"start":{"line":13,"column":4},"end":{"line":21,"column":6}},"1":{"start":{"line":14,"column":6},"end":{"line":20,"column":9}},"2":{"start":{"line":16,"column":8},"end":{"line":19,"column":11}},"3":{"start":{"line":29,"column":4},"end":{"line":32,"column":6}},"4":{"start":{"line":39,"column":4},"end":{"line":67,"column":6}},"5":{"start":{"line":44,"column":6},"end":{"line":47,"column":9}},"6":{"start":{"line":48,"column":6},"end":{"line":66,"column":11}},"7":{"start":{"line":50,"column":25},"end":{"line":50,"column":46}},"8":{"start":{"line":54,"column":10},"end":{"line":57,"column":13}},"9":{"start":{"line":63,"column":10},"end":{"line":65,"column":13}},"10":{"start":{"line":75,"column":4},"end":{"line":85,"column":6}},"11":{"start":{"line":76,"column":6},"end":{"line":84,"column":11}},"12":{"start":{"line":78,"column":27},"end":{"line":78,"column":48}},"13":{"start":{"line":79,"column":10},"end":{"line":82,"column":13}},"14":{"start":{"line":83,"column":10},"end":{"line":83,"column":26}},"15":{"start":{"line":94,"column":4},"end":{"line":102,"column":6}},"16":{"start":{"line":95,"column":6},"end":{"line":101,"column":11}},"17":{"start":{"line":97,"column":10},"end":{"line":100,"column":13}},"18":{"start":{"line":111,"column":4},"end":{"line":120,"column":6}},"19":{"start":{"line":112,"column":6},"end":{"line":119,"column":11}},"20":{"start":{"line":114,"column":10},"end":{"line":117,"column":13}},"21":{"start":{"line":118,"column":10},"end":{"line":118,"column":39}}},"fnMap":{"0":{"name":"(anonymous_0)","decl":{"start":{"line":12,"column":2},"end":{"line":12,"column":3}},"loc":{"start":{"line":12,"column":28},"end":{"line":22,"column":3}},"line":12},"1":{"name":"(anonymous_1)","decl":{"start":{"line":13,"column":11},"end":{"line":13,"column":12}},"loc":{"start":{"line":13,"column":25},"end":{"line":21,"column":5}},"line":13},"2":{"name":"(anonymous_2)","decl":{"start":{"line":15,"column":12},"end":{"line":15,"column":13}},"loc":{"start":{"line":15,"column":18},"end":{"line":20,"column":7}},"line":15},"3":{"name":"(anonymous_3)","decl":{"start":{"line":28,"column":2},"end":{"line":28,"column":3}},"loc":{"start":{"line":28,"column":32},"end":{"line":33,"column":3}},"line":28},"4":{"name":"(anonymous_4)","decl":{"start":{"line":38,"column":2},"end":{"line":38,"column":3}},"loc":{"start":{"line":38,"column":23},"end":{"line":68,"column":3}},"line":38},"5":{"name":"(anonymous_5)","decl":{"start":{"line":39,"column":11},"end":{"line":39,"column":12}},"loc":{"start":{"line":39,"column":25},"end":{"line":67,"column":5}},"line":39},"6":{"name":"(anonymous_6)","decl":{"start":{"line":49,"column":14},"end":{"line":49,"column":15}},"loc":{"start":{"line":49,"column":28},"end":{"line":58,"column":9}},"line":49},"7":{"name":"(anonymous_7)","decl":{"start":{"line":59,"column":15},"end":{"line":59,"column":16}},"loc":{"start":{"line":59,"column":21},"end":{"line":66,"column":9}},"line":59},"8":{"name":"(anonymous_8)","decl":{"start":{"line":74,"column":2},"end":{"line":74,"column":3}},"loc":{"start":{"line":74,"column":32},"end":{"line":86,"column":3}},"line":74},"9":{"name":"(anonymous_9)","decl":{"start":{"line":75,"column":11},"end":{"line":75,"column":12}},"loc":{"start":{"line":75,"column":25},"end":{"line":85,"column":5}},"line":75},"10":{"name":"(anonymous_10)","decl":{"start":{"line":77,"column":14},"end":{"line":77,"column":15}},"loc":{"start":{"line":77,"column":28},"end":{"line":84,"column":9}},"line":77},"11":{"name":"(anonymous_11)","decl":{"start":{"line":93,"column":2},"end":{"line":93,"column":3}},"loc":{"start":{"line":93,"column":37},"end":{"line":103,"column":3}},"line":93},"12":{"name":"(anonymous_12)","decl":{"start":{"line":94,"column":11},"end":{"line":94,"column":12}},"loc":{"start":{"line":94,"column":25},"end":{"line":102,"column":5}},"line":94},"13":{"name":"(anonymous_13)","decl":{"start":{"line":96,"column":14},"end":{"line":96,"column":15}},"loc":{"start":{"line":96,"column":28},"end":{"line":101,"column":9}},"line":96},"14":{"name":"(anonymous_14)","decl":{"start":{"line":110,"column":2},"end":{"line":110,"column":3}},"loc":{"start":{"line":110,"column":39},"end":{"line":121,"column":3}},"line":110},"15":{"name":"(anonymous_15)","decl":{"start":{"line":111,"column":11},"end":{"line":111,"column":12}},"loc":{"start":{"line":111,"column":25},"end":{"line":120,"column":5}},"line":111},"16":{"name":"(anonymous_16)","decl":{"start":{"line":113,"column":14},"end":{"line":113,"column":15}},"loc":{"start":{"line":113,"column":28},"end":{"line":119,"column":9}},"line":113}},"branchMap":{},"s":{"0":1,"1":1,"2":0,"3":1,"4":1,"5":1,"6":1,"7":0,"8":0,"9":1,"10":1,"11":1,"12":0,"13":0,"14":0,"15":1,"16":1,"17":0,"18":1,"19":1,"20":0,"21":0},"f":{"0":1,"1":1,"2":0,"3":1,"4":1,"5":1,"6":0,"7":1,"8":1,"9":1,"10":0,"11":1,"12":1,"13":0,"14":1,"15":1,"16":0},"b":{},"_coverageSchema":"332fd63041d2c1bcb487cc26dd0d5f7d97098a6c","hash":"48c6839215bb78cde8e827ee8b006a779fa95e63"}
,"/Users/aandeladeveloper/Desktop/PostIt/client/src/actions/types.js": {"path":"/Users/aandeladeveloper/Desktop/PostIt/client/src/actions/types.js","statementMap":{"0":{"start":{"line":1,"column":32},"end":{"line":1,"column":50}},"1":{"start":{"line":2,"column":31},"end":{"line":2,"column":48}},"2":{"start":{"line":3,"column":35},"end":{"line":3,"column":56}},"3":{"start":{"line":4,"column":30},"end":{"line":4,"column":46}},"4":{"start":{"line":5,"column":33},"end":{"line":5,"column":52}},"5":{"start":{"line":6,"column":28},"end":{"line":6,"column":42}},"6":{"start":{"line":7,"column":30},"end":{"line":7,"column":46}},"7":{"start":{"line":8,"column":24},"end":{"line":8,"column":34}},"8":{"start":{"line":9,"column":29},"end":{"line":9,"column":44}},"9":{"start":{"line":10,"column":28},"end":{"line":10,"column":42}}},"fnMap":{},"branchMap":{},"s":{"0":5,"1":5,"2":5,"3":5,"4":5,"5":5,"6":5,"7":5,"8":5,"9":5},"f":{},"b":{},"_coverageSchema":"332fd63041d2c1bcb487cc26dd0d5f7d97098a6c","hash":"e65c3170252488fdf19b003e0410eb0b2bc43898"}
,"/Users/aandeladeveloper/Desktop/PostIt/client/src/reducers/auth.js": {"path":"/Users/aandeladeveloper/Desktop/PostIt/client/src/reducers/auth.js","statementMap":{"0":{"start":{"line":6,"column":21},"end":{"line":9,"column":1}},"1":{"start":{"line":17,"column":2},"end":{"line":24,"column":3}},"2":{"start":{"line":19,"column":6},"end":{"line":22,"column":8}},"3":{"start":{"line":23,"column":13},"end":{"line":23,"column":26}}},"fnMap":{"0":{"name":"(anonymous_0)","decl":{"start":{"line":16,"column":15},"end":{"line":16,"column":16}},"loc":{"start":{"line":16,"column":54},"end":{"line":25,"column":1}},"line":16}},"branchMap":{"0":{"loc":{"start":{"line":16,"column":16},"end":{"line":16,"column":36}},"type":"default-arg","locations":[{"start":{"line":16,"column":24},"end":{"line":16,"column":36}}],"line":16},"1":{"loc":{"start":{"line":16,"column":38},"end":{"line":16,"column":49}},"type":"default-arg","locations":[{"start":{"line":16,"column":47},"end":{"line":16,"column":49}}],"line":16},"2":{"loc":{"start":{"line":17,"column":2},"end":{"line":24,"column":3}},"type":"switch","locations":[{"start":{"line":18,"column":4},"end":{"line":22,"column":8}},{"start":{"line":23,"column":4},"end":{"line":23,"column":26}}],"line":17}},"s":{"0":1,"1":4,"2":2,"3":2},"f":{"0":4},"b":{"0":[1],"1":[0],"2":[2,2]},"_coverageSchema":"332fd63041d2c1bcb487cc26dd0d5f7d97098a6c","hash":"f2aea12a3375d1a6ad1cfedda80f56046efcd3f9"}
,"/Users/aandeladeveloper/Desktop/PostIt/client/src/reducers/groupReducer.js": {"path":"/Users/aandeladeveloper/Desktop/PostIt/client/src/reducers/groupReducer.js","statementMap":{"0":{"start":{"line":3,"column":21},"end":{"line":9,"column":1}},"1":{"start":{"line":18,"column":18},"end":{"line":18,"column":42}},"2":{"start":{"line":19,"column":22},"end":{"line":19,"column":61}},"3":{"start":{"line":20,"column":2},"end":{"line":57,"column":3}},"4":{"start":{"line":22,"column":6},"end":{"line":22,"column":43}},"5":{"start":{"line":23,"column":6},"end":{"line":23,"column":37}},"6":{"start":{"line":24,"column":6},"end":{"line":24,"column":21}},"7":{"start":{"line":27,"column":6},"end":{"line":27,"column":41}},"8":{"start":{"line":28,"column":6},"end":{"line":28,"column":21}},"9":{"start":{"line":31,"column":6},"end":{"line":31,"column":37}},"10":{"start":{"line":32,"column":6},"end":{"line":32,"column":41}},"11":{"start":{"line":33,"column":6},"end":{"line":33,"column":21}},"12":{"start":{"line":36,"column":6},"end":{"line":36,"column":54}},"13":{"start":{"line":37,"column":6},"end":{"line":37,"column":21}},"14":{"start":{"line":40,"column":6},"end":{"line":40,"column":43}},"15":{"start":{"line":41,"column":6},"end":{"line":41,"column":21}},"16":{"start":{"line":44,"column":6},"end":{"line":44,"column":49}},"17":{"start":{"line":45,"column":6},"end":{"line":45,"column":21}},"18":{"start":{"line":48,"column":6},"end":{"line":48,"column":42}},"19":{"start":{"line":49,"column":6},"end":{"line":49,"column":21}},"20":{"start":{"line":52,"column":6},"end":{"line":52,"column":39}},"21":{"start":{"line":53,"column":6},"end":{"line":53,"column":21}},"22":{"start":{"line":56,"column":6},"end":{"line":56,"column":19}}},"fnMap":{"0":{"name":"(anonymous_0)","decl":{"start":{"line":17,"column":15},"end":{"line":17,"column":16}},"loc":{"start":{"line":17,"column":54},"end":{"line":58,"column":1}},"line":17}},"branchMap":{"0":{"loc":{"start":{"line":17,"column":16},"end":{"line":17,"column":36}},"type":"default-arg","locations":[{"start":{"line":17,"column":24},"end":{"line":17,"column":36}}],"line":17},"1":{"loc":{"start":{"line":17,"column":38},"end":{"line":17,"column":49}},"type":"default-arg","locations":[{"start":{"line":17,"column":47},"end":{"line":17,"column":49}}],"line":17},"2":{"loc":{"start":{"line":20,"column":2},"end":{"line":57,"column":3}},"type":"switch","locations":[{"start":{"line":21,"column":4},"end":{"line":24,"column":21}},{"start":{"line":26,"column":4},"end":{"line":28,"column":21}},{"start":{"line":30,"column":4},"end":{"line":33,"column":21}},{"start":{"line":35,"column":4},"end":{"line":37,"column":21}},{"start":{"line":39,"column":4},"end":{"line":41,"column":21}},{"start":{"line":43,"column":4},"end":{"line":45,"column":21}},{"start":{"line":47,"column":4},"end":{"line":49,"column":21}},{"start":{"line":51,"column":4},"end":{"line":53,"column":21}},{"start":{"line":55,"column":4},"end":{"line":56,"column":19}}],"line":20}},"s":{"0":1,"1":10,"2":10,"3":10,"4":1,"5":1,"6":1,"7":1,"8":1,"9":1,"10":1,"11":1,"12":2,"13":2,"14":1,"15":1,"16":1,"17":1,"18":1,"19":1,"20":1,"21":1,"22":1},"f":{"0":10},"b":{"0":[0],"1":[0],"2":[1,1,1,2,1,1,1,1,1]},"_coverageSchema":"332fd63041d2c1bcb487cc26dd0d5f7d97098a6c","hash":"f3d9632e1b532c6ae975f4df01036f22a77f7fd8"}
,"/Users/aandeladeveloper/Desktop/PostIt/client/src/reducers/userReducer.js": {"path":"/Users/aandeladeveloper/Desktop/PostIt/client/src/reducers/userReducer.js","statementMap":{"0":{"start":{"line":3,"column":21},"end":{"line":5,"column":1}},"1":{"start":{"line":8,"column":18},"end":{"line":8,"column":42}},"2":{"start":{"line":9,"column":2},"end":{"line":15,"column":3}},"3":{"start":{"line":11,"column":6},"end":{"line":11,"column":38}},"4":{"start":{"line":12,"column":6},"end":{"line":12,"column":21}},"5":{"start":{"line":14,"column":13},"end":{"line":14,"column":26}}},"fnMap":{"0":{"name":"(anonymous_0)","decl":{"start":{"line":7,"column":15},"end":{"line":7,"column":16}},"loc":{"start":{"line":7,"column":54},"end":{"line":16,"column":1}},"line":7}},"branchMap":{"0":{"loc":{"start":{"line":7,"column":16},"end":{"line":7,"column":36}},"type":"default-arg","locations":[{"start":{"line":7,"column":24},"end":{"line":7,"column":36}}],"line":7},"1":{"loc":{"start":{"line":7,"column":38},"end":{"line":7,"column":49}},"type":"default-arg","locations":[{"start":{"line":7,"column":47},"end":{"line":7,"column":49}}],"line":7},"2":{"loc":{"start":{"line":9,"column":2},"end":{"line":15,"column":3}},"type":"switch","locations":[{"start":{"line":10,"column":4},"end":{"line":12,"column":21}},{"start":{"line":14,"column":4},"end":{"line":14,"column":26}}],"line":9}},"s":{"0":1,"1":2,"2":2,"3":1,"4":1,"5":1},"f":{"0":2},"b":{"0":[0],"1":[0],"2":[1,1]},"_coverageSchema":"332fd63041d2c1bcb487cc26dd0d5f7d97098a6c","hash":"40daa5ea1d6fcefe22bcc6536f4b23e50fc4a9fa"}
,"/Users/aandeladeveloper/Desktop/PostIt/client/src/utils/setAuthorizationToken.js": {"path":"/Users/aandeladeveloper/Desktop/PostIt/client/src/utils/setAuthorizationToken.js","statementMap":{"0":{"start":{"line":12,"column":2},"end":{"line":16,"column":3}},"1":{"start":{"line":13,"column":4},"end":{"line":13,"column":71}},"2":{"start":{"line":15,"column":4},"end":{"line":15,"column":58}}},"fnMap":{"0":{"name":"setAuthorizationToken","decl":{"start":{"line":11,"column":24},"end":{"line":11,"column":45}},"loc":{"start":{"line":11,"column":53},"end":{"line":17,"column":1}},"line":11}},"branchMap":{"0":{"loc":{"start":{"line":12,"column":2},"end":{"line":16,"column":3}},"type":"if","locations":[{"start":{"line":12,"column":2},"end":{"line":16,"column":3}},{"start":{"line":12,"column":2},"end":{"line":16,"column":3}}],"line":12}},"s":{"0":0,"1":0,"2":0},"f":{"0":0},"b":{"0":[0,0]},"_coverageSchema":"332fd63041d2c1bcb487cc26dd0d5f7d97098a6c","hash":"2adefe20d313654fd604328a7b02694ee294ad11"}
}
