{"/Users/aandeladeveloper/Desktop/PostIt/client/src/actions/authActions.js": {"path":"/Users/aandeladeveloper/Desktop/PostIt/client/src/actions/authActions.js","statementMap":{"0":{"start":{"line":16,"column":4},"end":{"line":19,"column":6}},"1":{"start":{"line":27,"column":4},"end":{"line":34,"column":6}},"2":{"start":{"line":31,"column":6},"end":{"line":31,"column":42}},"3":{"start":{"line":32,"column":6},"end":{"line":32,"column":35}},"4":{"start":{"line":33,"column":6},"end":{"line":33,"column":57}},"5":{"start":{"line":44,"column":4},"end":{"line":58,"column":6}},"6":{"start":{"line":45,"column":6},"end":{"line":57,"column":9}},"7":{"start":{"line":46,"column":22},"end":{"line":46,"column":36}},"8":{"start":{"line":50,"column":8},"end":{"line":50,"column":48}},"9":{"start":{"line":51,"column":8},"end":{"line":51,"column":37}},"10":{"start":{"line":56,"column":8},"end":{"line":56,"column":73}},"11":{"start":{"line":65,"column":4},"end":{"line":74,"column":6}},"12":{"start":{"line":66,"column":6},"end":{"line":73,"column":11}},"13":{"start":{"line":68,"column":24},"end":{"line":68,"column":44}},"14":{"start":{"line":69,"column":10},"end":{"line":72,"column":13}},"15":{"start":{"line":83,"column":4},"end":{"line":89,"column":6}},"16":{"start":{"line":84,"column":6},"end":{"line":88,"column":11}},"17":{"start":{"line":86,"column":26},"end":{"line":86,"column":47}},"18":{"start":{"line":87,"column":10},"end":{"line":87,"column":25}},"19":{"start":{"line":97,"column":4},"end":{"line":112,"column":6}},"20":{"start":{"line":98,"column":6},"end":{"line":111,"column":11}},"21":{"start":{"line":100,"column":24},"end":{"line":100,"column":43}},"22":{"start":{"line":104,"column":10},"end":{"line":104,"column":50}},"23":{"start":{"line":105,"column":10},"end":{"line":105,"column":39}},"24":{"start":{"line":110,"column":10},"end":{"line":110,"column":75}}},"fnMap":{"0":{"name":"(anonymous_0)","decl":{"start":{"line":15,"column":2},"end":{"line":15,"column":3}},"loc":{"start":{"line":15,"column":30},"end":{"line":20,"column":3}},"line":15},"1":{"name":"(anonymous_1)","decl":{"start":{"line":26,"column":2},"end":{"line":26,"column":3}},"loc":{"start":{"line":26,"column":18},"end":{"line":35,"column":3}},"line":26},"2":{"name":"(anonymous_2)","decl":{"start":{"line":27,"column":11},"end":{"line":27,"column":12}},"loc":{"start":{"line":27,"column":25},"end":{"line":34,"column":5}},"line":27},"3":{"name":"(anonymous_3)","decl":{"start":{"line":43,"column":2},"end":{"line":43,"column":3}},"loc":{"start":{"line":43,"column":21},"end":{"line":59,"column":3}},"line":43},"4":{"name":"(anonymous_4)","decl":{"start":{"line":44,"column":11},"end":{"line":44,"column":12}},"loc":{"start":{"line":44,"column":25},"end":{"line":58,"column":5}},"line":44},"5":{"name":"(anonymous_5)","decl":{"start":{"line":45,"column":57},"end":{"line":45,"column":58}},"loc":{"start":{"line":45,"column":66},"end":{"line":57,"column":7}},"line":45},"6":{"name":"(anonymous_6)","decl":{"start":{"line":64,"column":2},"end":{"line":64,"column":3}},"loc":{"start":{"line":64,"column":20},"end":{"line":75,"column":3}},"line":64},"7":{"name":"(anonymous_7)","decl":{"start":{"line":65,"column":11},"end":{"line":65,"column":12}},"loc":{"start":{"line":65,"column":25},"end":{"line":74,"column":5}},"line":65},"8":{"name":"(anonymous_8)","decl":{"start":{"line":67,"column":14},"end":{"line":67,"column":15}},"loc":{"start":{"line":67,"column":28},"end":{"line":73,"column":9}},"line":67},"9":{"name":"(anonymous_9)","decl":{"start":{"line":82,"column":2},"end":{"line":82,"column":3}},"loc":{"start":{"line":82,"column":33},"end":{"line":90,"column":3}},"line":82},"10":{"name":"(anonymous_10)","decl":{"start":{"line":83,"column":11},"end":{"line":83,"column":12}},"loc":{"start":{"line":83,"column":17},"end":{"line":89,"column":5}},"line":83},"11":{"name":"(anonymous_11)","decl":{"start":{"line":85,"column":14},"end":{"line":85,"column":15}},"loc":{"start":{"line":85,"column":28},"end":{"line":88,"column":9}},"line":85},"12":{"name":"(anonymous_12)","decl":{"start":{"line":96,"column":2},"end":{"line":96,"column":3}},"loc":{"start":{"line":96,"column":43},"end":{"line":113,"column":3}},"line":96},"13":{"name":"(anonymous_13)","decl":{"start":{"line":97,"column":11},"end":{"line":97,"column":12}},"loc":{"start":{"line":97,"column":25},"end":{"line":112,"column":5}},"line":97},"14":{"name":"(anonymous_14)","decl":{"start":{"line":99,"column":14},"end":{"line":99,"column":15}},"loc":{"start":{"line":99,"column":28},"end":{"line":111,"column":9}},"line":99}},"branchMap":{},"s":{"0":0,"1":0,"2":0,"3":0,"4":0,"5":1,"6":1,"7":0,"8":0,"9":0,"10":0,"11":1,"12":1,"13":0,"14":0,"15":1,"16":1,"17":0,"18":0,"19":1,"20":1,"21":0,"22":0,"23":0,"24":0},"f":{"0":0,"1":0,"2":0,"3":1,"4":1,"5":0,"6":1,"7":1,"8":0,"9":1,"10":1,"11":0,"12":1,"13":1,"14":0},"b":{},"_coverageSchema":"332fd63041d2c1bcb487cc26dd0d5f7d97098a6c","hash":"645b7563efe8107e78818fe76bfda4cc38e165a2"}
,"/Users/aandeladeveloper/Desktop/PostIt/client/src/actions/groupActions.js": {"path":"/Users/aandeladeveloper/Desktop/PostIt/client/src/actions/groupActions.js","statementMap":{"0":{"start":{"line":15,"column":4},"end":{"line":23,"column":6}},"1":{"start":{"line":16,"column":6},"end":{"line":22,"column":9}},"2":{"start":{"line":18,"column":8},"end":{"line":21,"column":11}},"3":{"start":{"line":31,"column":4},"end":{"line":34,"column":6}},"4":{"start":{"line":41,"column":4},"end":{"line":69,"column":6}},"5":{"start":{"line":46,"column":6},"end":{"line":49,"column":9}},"6":{"start":{"line":50,"column":6},"end":{"line":68,"column":11}},"7":{"start":{"line":52,"column":25},"end":{"line":52,"column":46}},"8":{"start":{"line":56,"column":10},"end":{"line":59,"column":13}},"9":{"start":{"line":65,"column":10},"end":{"line":67,"column":13}},"10":{"start":{"line":78,"column":4},"end":{"line":86,"column":6}},"11":{"start":{"line":79,"column":6},"end":{"line":85,"column":11}},"12":{"start":{"line":81,"column":10},"end":{"line":84,"column":13}},"13":{"start":{"line":96,"column":4},"end":{"line":105,"column":6}},"14":{"start":{"line":97,"column":6},"end":{"line":104,"column":11}},"15":{"start":{"line":99,"column":10},"end":{"line":102,"column":13}},"16":{"start":{"line":103,"column":10},"end":{"line":103,"column":31}}},"fnMap":{"0":{"name":"(anonymous_0)","decl":{"start":{"line":14,"column":2},"end":{"line":14,"column":3}},"loc":{"start":{"line":14,"column":28},"end":{"line":24,"column":3}},"line":14},"1":{"name":"(anonymous_1)","decl":{"start":{"line":15,"column":11},"end":{"line":15,"column":12}},"loc":{"start":{"line":15,"column":25},"end":{"line":23,"column":5}},"line":15},"2":{"name":"(anonymous_2)","decl":{"start":{"line":17,"column":12},"end":{"line":17,"column":13}},"loc":{"start":{"line":17,"column":18},"end":{"line":22,"column":7}},"line":17},"3":{"name":"(anonymous_3)","decl":{"start":{"line":30,"column":2},"end":{"line":30,"column":3}},"loc":{"start":{"line":30,"column":32},"end":{"line":35,"column":3}},"line":30},"4":{"name":"(anonymous_4)","decl":{"start":{"line":40,"column":2},"end":{"line":40,"column":3}},"loc":{"start":{"line":40,"column":23},"end":{"line":70,"column":3}},"line":40},"5":{"name":"(anonymous_5)","decl":{"start":{"line":41,"column":11},"end":{"line":41,"column":12}},"loc":{"start":{"line":41,"column":25},"end":{"line":69,"column":5}},"line":41},"6":{"name":"(anonymous_6)","decl":{"start":{"line":51,"column":14},"end":{"line":51,"column":15}},"loc":{"start":{"line":51,"column":28},"end":{"line":60,"column":9}},"line":51},"7":{"name":"(anonymous_7)","decl":{"start":{"line":61,"column":15},"end":{"line":61,"column":16}},"loc":{"start":{"line":61,"column":21},"end":{"line":68,"column":9}},"line":61},"8":{"name":"(anonymous_8)","decl":{"start":{"line":77,"column":2},"end":{"line":77,"column":3}},"loc":{"start":{"line":77,"column":37},"end":{"line":87,"column":3}},"line":77},"9":{"name":"(anonymous_9)","decl":{"start":{"line":78,"column":11},"end":{"line":78,"column":12}},"loc":{"start":{"line":78,"column":25},"end":{"line":86,"column":5}},"line":78},"10":{"name":"(anonymous_10)","decl":{"start":{"line":80,"column":14},"end":{"line":80,"column":15}},"loc":{"start":{"line":80,"column":28},"end":{"line":85,"column":9}},"line":80},"11":{"name":"(anonymous_11)","decl":{"start":{"line":95,"column":2},"end":{"line":95,"column":3}},"loc":{"start":{"line":95,"column":51},"end":{"line":106,"column":3}},"line":95},"12":{"name":"(anonymous_12)","decl":{"start":{"line":96,"column":11},"end":{"line":96,"column":12}},"loc":{"start":{"line":96,"column":25},"end":{"line":105,"column":5}},"line":96},"13":{"name":"(anonymous_13)","decl":{"start":{"line":98,"column":14},"end":{"line":98,"column":15}},"loc":{"start":{"line":98,"column":28},"end":{"line":104,"column":9}},"line":98}},"branchMap":{},"s":{"0":1,"1":1,"2":0,"3":1,"4":1,"5":1,"6":1,"7":0,"8":0,"9":1,"10":1,"11":1,"12":0,"13":1,"14":1,"15":0,"16":0},"f":{"0":1,"1":1,"2":0,"3":1,"4":1,"5":1,"6":0,"7":1,"8":1,"9":1,"10":0,"11":1,"12":1,"13":0},"b":{},"_coverageSchema":"332fd63041d2c1bcb487cc26dd0d5f7d97098a6c","hash":"d7ef96cc1e5231959e9d5df186347689e08dbf68"}
,"/Users/aandeladeveloper/Desktop/PostIt/client/src/actions/messageActions.js": {"path":"/Users/aandeladeveloper/Desktop/PostIt/client/src/actions/messageActions.js","statementMap":{"0":{"start":{"line":13,"column":4},"end":{"line":23,"column":6}},"1":{"start":{"line":14,"column":6},"end":{"line":22,"column":11}},"2":{"start":{"line":16,"column":27},"end":{"line":16,"column":48}},"3":{"start":{"line":17,"column":10},"end":{"line":20,"column":13}},"4":{"start":{"line":21,"column":10},"end":{"line":21,"column":26}},"5":{"start":{"line":33,"column":4},"end":{"line":42,"column":6}},"6":{"start":{"line":34,"column":6},"end":{"line":41,"column":11}},"7":{"start":{"line":36,"column":10},"end":{"line":39,"column":13}},"8":{"start":{"line":40,"column":10},"end":{"line":40,"column":39}},"9":{"start":{"line":50,"column":4},"end":{"line":55,"column":6}},"10":{"start":{"line":51,"column":6},"end":{"line":54,"column":9}},"11":{"start":{"line":62,"column":4},"end":{"line":66,"column":6}},"12":{"start":{"line":63,"column":6},"end":{"line":65,"column":9}},"13":{"start":{"line":74,"column":4},"end":{"line":82,"column":6}},"14":{"start":{"line":75,"column":6},"end":{"line":81,"column":11}},"15":{"start":{"line":77,"column":10},"end":{"line":79,"column":13}},"16":{"start":{"line":80,"column":10},"end":{"line":80,"column":39}},"17":{"start":{"line":90,"column":4},"end":{"line":99,"column":6}},"18":{"start":{"line":91,"column":6},"end":{"line":98,"column":11}},"19":{"start":{"line":93,"column":10},"end":{"line":96,"column":13}},"20":{"start":{"line":97,"column":10},"end":{"line":97,"column":42}},"21":{"start":{"line":108,"column":4},"end":{"line":117,"column":6}},"22":{"start":{"line":109,"column":6},"end":{"line":116,"column":11}},"23":{"start":{"line":111,"column":10},"end":{"line":114,"column":13}},"24":{"start":{"line":115,"column":10},"end":{"line":115,"column":31}}},"fnMap":{"0":{"name":"(anonymous_0)","decl":{"start":{"line":12,"column":2},"end":{"line":12,"column":3}},"loc":{"start":{"line":12,"column":32},"end":{"line":24,"column":3}},"line":12},"1":{"name":"(anonymous_1)","decl":{"start":{"line":13,"column":11},"end":{"line":13,"column":12}},"loc":{"start":{"line":13,"column":25},"end":{"line":23,"column":5}},"line":13},"2":{"name":"(anonymous_2)","decl":{"start":{"line":15,"column":14},"end":{"line":15,"column":15}},"loc":{"start":{"line":15,"column":28},"end":{"line":22,"column":9}},"line":15},"3":{"name":"(anonymous_3)","decl":{"start":{"line":32,"column":2},"end":{"line":32,"column":3}},"loc":{"start":{"line":32,"column":39},"end":{"line":43,"column":3}},"line":32},"4":{"name":"(anonymous_4)","decl":{"start":{"line":33,"column":11},"end":{"line":33,"column":12}},"loc":{"start":{"line":33,"column":25},"end":{"line":42,"column":5}},"line":33},"5":{"name":"(anonymous_5)","decl":{"start":{"line":35,"column":14},"end":{"line":35,"column":15}},"loc":{"start":{"line":35,"column":28},"end":{"line":41,"column":9}},"line":35},"6":{"name":"(anonymous_6)","decl":{"start":{"line":49,"column":2},"end":{"line":49,"column":3}},"loc":{"start":{"line":49,"column":39},"end":{"line":56,"column":3}},"line":49},"7":{"name":"(anonymous_7)","decl":{"start":{"line":50,"column":11},"end":{"line":50,"column":12}},"loc":{"start":{"line":50,"column":25},"end":{"line":55,"column":5}},"line":50},"8":{"name":"(anonymous_8)","decl":{"start":{"line":61,"column":2},"end":{"line":61,"column":3}},"loc":{"start":{"line":61,"column":29},"end":{"line":67,"column":3}},"line":61},"9":{"name":"(anonymous_9)","decl":{"start":{"line":62,"column":11},"end":{"line":62,"column":12}},"loc":{"start":{"line":62,"column":25},"end":{"line":66,"column":5}},"line":62},"10":{"name":"(anonymous_10)","decl":{"start":{"line":73,"column":2},"end":{"line":73,"column":3}},"loc":{"start":{"line":73,"column":35},"end":{"line":83,"column":3}},"line":73},"11":{"name":"(anonymous_11)","decl":{"start":{"line":74,"column":11},"end":{"line":74,"column":12}},"loc":{"start":{"line":74,"column":25},"end":{"line":82,"column":5}},"line":74},"12":{"name":"(anonymous_12)","decl":{"start":{"line":76,"column":14},"end":{"line":76,"column":15}},"loc":{"start":{"line":76,"column":28},"end":{"line":81,"column":9}},"line":76},"13":{"name":"(anonymous_13)","decl":{"start":{"line":89,"column":2},"end":{"line":89,"column":3}},"loc":{"start":{"line":89,"column":27},"end":{"line":100,"column":3}},"line":89},"14":{"name":"(anonymous_14)","decl":{"start":{"line":90,"column":11},"end":{"line":90,"column":12}},"loc":{"start":{"line":90,"column":25},"end":{"line":99,"column":5}},"line":90},"15":{"name":"(anonymous_15)","decl":{"start":{"line":92,"column":14},"end":{"line":92,"column":15}},"loc":{"start":{"line":92,"column":28},"end":{"line":98,"column":9}},"line":92},"16":{"name":"(anonymous_16)","decl":{"start":{"line":107,"column":2},"end":{"line":107,"column":3}},"loc":{"start":{"line":107,"column":48},"end":{"line":118,"column":3}},"line":107},"17":{"name":"(anonymous_17)","decl":{"start":{"line":108,"column":11},"end":{"line":108,"column":12}},"loc":{"start":{"line":108,"column":25},"end":{"line":117,"column":5}},"line":108},"18":{"name":"(anonymous_18)","decl":{"start":{"line":110,"column":14},"end":{"line":110,"column":15}},"loc":{"start":{"line":110,"column":28},"end":{"line":116,"column":9}},"line":110}},"branchMap":{},"s":{"0":1,"1":1,"2":0,"3":0,"4":0,"5":1,"6":1,"7":0,"8":0,"9":0,"10":0,"11":0,"12":0,"13":1,"14":1,"15":0,"16":0,"17":1,"18":1,"19":0,"20":0,"21":1,"22":1,"23":0,"24":0},"f":{"0":1,"1":1,"2":0,"3":1,"4":1,"5":0,"6":0,"7":0,"8":0,"9":0,"10":1,"11":1,"12":0,"13":1,"14":1,"15":0,"16":1,"17":1,"18":0},"b":{},"_coverageSchema":"332fd63041d2c1bcb487cc26dd0d5f7d97098a6c","hash":"3bb2203cbac806178c656d13664ed0775ef78535"}
,"/Users/aandeladeveloper/Desktop/PostIt/client/src/actions/signupActions.js": {"path":"/Users/aandeladeveloper/Desktop/PostIt/client/src/actions/signupActions.js","statementMap":{"0":{"start":{"line":14,"column":4},"end":{"line":29,"column":6}},"1":{"start":{"line":15,"column":6},"end":{"line":28,"column":11}},"2":{"start":{"line":17,"column":24},"end":{"line":17,"column":38}},"3":{"start":{"line":21,"column":10},"end":{"line":21,"column":50}},"4":{"start":{"line":22,"column":10},"end":{"line":22,"column":39}},"5":{"start":{"line":27,"column":10},"end":{"line":27,"column":75}},"6":{"start":{"line":36,"column":4},"end":{"line":38,"column":6}},"7":{"start":{"line":37,"column":6},"end":{"line":37,"column":53}},"8":{"start":{"line":45,"column":4},"end":{"line":47,"column":6}},"9":{"start":{"line":46,"column":6},"end":{"line":46,"column":55}}},"fnMap":{"0":{"name":"(anonymous_0)","decl":{"start":{"line":13,"column":2},"end":{"line":13,"column":3}},"loc":{"start":{"line":13,"column":37},"end":{"line":30,"column":3}},"line":13},"1":{"name":"(anonymous_1)","decl":{"start":{"line":14,"column":11},"end":{"line":14,"column":12}},"loc":{"start":{"line":14,"column":25},"end":{"line":29,"column":5}},"line":14},"2":{"name":"(anonymous_2)","decl":{"start":{"line":16,"column":14},"end":{"line":16,"column":15}},"loc":{"start":{"line":16,"column":23},"end":{"line":28,"column":9}},"line":16},"3":{"name":"(anonymous_3)","decl":{"start":{"line":35,"column":2},"end":{"line":35,"column":3}},"loc":{"start":{"line":35,"column":34},"end":{"line":39,"column":3}},"line":35},"4":{"name":"(anonymous_4)","decl":{"start":{"line":36,"column":11},"end":{"line":36,"column":12}},"loc":{"start":{"line":36,"column":17},"end":{"line":38,"column":5}},"line":36},"5":{"name":"(anonymous_5)","decl":{"start":{"line":44,"column":2},"end":{"line":44,"column":3}},"loc":{"start":{"line":44,"column":33},"end":{"line":48,"column":3}},"line":44},"6":{"name":"(anonymous_6)","decl":{"start":{"line":45,"column":11},"end":{"line":45,"column":12}},"loc":{"start":{"line":45,"column":17},"end":{"line":47,"column":5}},"line":45}},"branchMap":{},"s":{"0":1,"1":1,"2":0,"3":0,"4":0,"5":0,"6":1,"7":1,"8":1,"9":1},"f":{"0":1,"1":1,"2":0,"3":1,"4":1,"5":1,"6":1},"b":{},"_coverageSchema":"332fd63041d2c1bcb487cc26dd0d5f7d97098a6c","hash":"4f67d170c083975eb9473e9f274cd29bac3a85ec"}
,"/Users/aandeladeveloper/Desktop/PostIt/client/src/actions/types.js": {"path":"/Users/aandeladeveloper/Desktop/PostIt/client/src/actions/types.js","statementMap":{"0":{"start":{"line":1,"column":32},"end":{"line":1,"column":50}},"1":{"start":{"line":2,"column":31},"end":{"line":2,"column":48}},"2":{"start":{"line":3,"column":35},"end":{"line":3,"column":56}},"3":{"start":{"line":4,"column":30},"end":{"line":4,"column":46}},"4":{"start":{"line":5,"column":33},"end":{"line":5,"column":52}},"5":{"start":{"line":6,"column":28},"end":{"line":6,"column":42}},"6":{"start":{"line":7,"column":30},"end":{"line":7,"column":46}},"7":{"start":{"line":8,"column":24},"end":{"line":8,"column":34}},"8":{"start":{"line":9,"column":29},"end":{"line":9,"column":44}},"9":{"start":{"line":10,"column":28},"end":{"line":10,"column":42}},"10":{"start":{"line":11,"column":30},"end":{"line":11,"column":46}},"11":{"start":{"line":12,"column":37},"end":{"line":12,"column":60}},"12":{"start":{"line":13,"column":32},"end":{"line":13,"column":50}},"13":{"start":{"line":14,"column":34},"end":{"line":14,"column":54}},"14":{"start":{"line":15,"column":27},"end":{"line":15,"column":40}},"15":{"start":{"line":16,"column":25},"end":{"line":16,"column":36}},"16":{"start":{"line":17,"column":27},"end":{"line":17,"column":40}},"17":{"start":{"line":18,"column":26},"end":{"line":18,"column":38}},"18":{"start":{"line":19,"column":29},"end":{"line":19,"column":44}}},"fnMap":{},"branchMap":{},"s":{"0":8,"1":8,"2":8,"3":8,"4":8,"5":8,"6":8,"7":8,"8":8,"9":8,"10":8,"11":8,"12":8,"13":8,"14":8,"15":8,"16":8,"17":8,"18":8},"f":{},"b":{},"_coverageSchema":"332fd63041d2c1bcb487cc26dd0d5f7d97098a6c","hash":"3a55c5014f25a5bcb7b495e2ecd0763687c342e0"}
,"/Users/aandeladeveloper/Desktop/PostIt/client/src/components/presentation/AddUserModal.jsx": {"path":"/Users/aandeladeveloper/Desktop/PostIt/client/src/components/presentation/AddUserModal.jsx","statementMap":{"0":{"start":{"line":4,"column":21},"end":{"line":31,"column":1}},"1":{"start":{"line":7,"column":2},"end":{"line":30,"column":4}},"2":{"start":{"line":33,"column":0},"end":{"line":38,"column":2}}},"fnMap":{"0":{"name":"(anonymous_0)","decl":{"start":{"line":4,"column":21},"end":{"line":4,"column":22}},"loc":{"start":{"line":6,"column":6},"end":{"line":31,"column":1}},"line":6}},"branchMap":{},"s":{"0":1,"1":1,"2":1},"f":{"0":1},"b":{},"_coverageSchema":"332fd63041d2c1bcb487cc26dd0d5f7d97098a6c","hash":"69878c5900e8b2d2e316c397d729540f446db2a3"}
,"/Users/aandeladeveloper/Desktop/PostIt/client/src/components/presentation/GroupHeader.jsx": {"path":"/Users/aandeladeveloper/Desktop/PostIt/client/src/components/presentation/GroupHeader.jsx","statementMap":{"0":{"start":{"line":10,"column":20},"end":{"line":57,"column":1}},"1":{"start":{"line":11,"column":2},"end":{"line":56,"column":4}},"2":{"start":{"line":59,"column":0},"end":{"line":62,"column":2}}},"fnMap":{"0":{"name":"(anonymous_0)","decl":{"start":{"line":10,"column":20},"end":{"line":10,"column":21}},"loc":{"start":{"line":10,"column":53},"end":{"line":57,"column":1}},"line":10}},"branchMap":{"0":{"loc":{"start":{"line":27,"column":20},"end":{"line":45,"column":21}},"type":"cond-expr","locations":[{"start":{"line":29,"column":22},"end":{"line":35,"column":29}},{"start":{"line":38,"column":22},"end":{"line":44,"column":29}}],"line":27}},"s":{"0":1,"1":2,"2":1},"f":{"0":2},"b":{"0":[1,1]},"_coverageSchema":"332fd63041d2c1bcb487cc26dd0d5f7d97098a6c","hash":"475cb31b40ffc678dfd5c0ddca3619306649f16b"}
,"/Users/aandeladeveloper/Desktop/PostIt/client/src/components/presentation/Message.jsx": {"path":"/Users/aandeladeveloper/Desktop/PostIt/client/src/components/presentation/Message.jsx","statementMap":{"0":{"start":{"line":4,"column":16},"end":{"line":44,"column":1}},"1":{"start":{"line":7,"column":2},"end":{"line":43,"column":4}},"2":{"start":{"line":46,"column":0},"end":{"line":54,"column":2}}},"fnMap":{"0":{"name":"(anonymous_0)","decl":{"start":{"line":4,"column":16},"end":{"line":4,"column":17}},"loc":{"start":{"line":6,"column":6},"end":{"line":44,"column":1}},"line":6}},"branchMap":{},"s":{"0":1,"1":1,"2":1},"f":{"0":1},"b":{},"_coverageSchema":"332fd63041d2c1bcb487cc26dd0d5f7d97098a6c","hash":"2e3999b5fce2fd6edad9bd8ea63dd57f3f9c6849"}
,"/Users/aandeladeveloper/Desktop/PostIt/client/src/components/presentation/MessageHeader.jsx": {"path":"/Users/aandeladeveloper/Desktop/PostIt/client/src/components/presentation/MessageHeader.jsx","statementMap":{"0":{"start":{"line":8,"column":22},"end":{"line":20,"column":1}},"1":{"start":{"line":9,"column":2},"end":{"line":19,"column":4}},"2":{"start":{"line":22,"column":0},"end":{"line":24,"column":2}}},"fnMap":{"0":{"name":"(anonymous_0)","decl":{"start":{"line":8,"column":22},"end":{"line":8,"column":23}},"loc":{"start":{"line":8,"column":41},"end":{"line":20,"column":1}},"line":8}},"branchMap":{},"s":{"0":1,"1":1,"2":1},"f":{"0":1},"b":{},"_coverageSchema":"332fd63041d2c1bcb487cc26dd0d5f7d97098a6c","hash":"89150e6f9da2d85830a44797243c4fa8a78616fe"}
,"/Users/aandeladeveloper/Desktop/PostIt/client/src/components/presentation/NotFoundPage.jsx": {"path":"/Users/aandeladeveloper/Desktop/PostIt/client/src/components/presentation/NotFoundPage.jsx","statementMap":{"0":{"start":{"line":7,"column":21},"end":{"line":18,"column":1}},"1":{"start":{"line":8,"column":2},"end":{"line":17,"column":4}}},"fnMap":{"0":{"name":"(anonymous_0)","decl":{"start":{"line":7,"column":21},"end":{"line":7,"column":22}},"loc":{"start":{"line":7,"column":27},"end":{"line":18,"column":1}},"line":7}},"branchMap":{},"s":{"0":1,"1":1},"f":{"0":1},"b":{},"_coverageSchema":"332fd63041d2c1bcb487cc26dd0d5f7d97098a6c","hash":"334d75d74387b6d15b582dc117f6591b2158e03d"}
,"/Users/aandeladeveloper/Desktop/PostIt/client/src/components/presentation/PreLoader.jsx": {"path":"/Users/aandeladeveloper/Desktop/PostIt/client/src/components/presentation/PreLoader.jsx","statementMap":{"0":{"start":{"line":7,"column":18},"end":{"line":27,"column":1}},"1":{"start":{"line":8,"column":2},"end":{"line":26,"column":4}}},"fnMap":{"0":{"name":"(anonymous_0)","decl":{"start":{"line":7,"column":18},"end":{"line":7,"column":19}},"loc":{"start":{"line":7,"column":24},"end":{"line":27,"column":1}},"line":7}},"branchMap":{},"s":{"0":1,"1":1},"f":{"0":1},"b":{},"_coverageSchema":"332fd63041d2c1bcb487cc26dd0d5f7d97098a6c","hash":"7e6ec1b1da242d20df57fff34f4f72f173687ef7"}
,"/Users/aandeladeveloper/Desktop/PostIt/client/src/components/presentation/SearchButton.jsx": {"path":"/Users/aandeladeveloper/Desktop/PostIt/client/src/components/presentation/SearchButton.jsx","statementMap":{"0":{"start":{"line":9,"column":21},"end":{"line":20,"column":1}},"1":{"start":{"line":10,"column":2},"end":{"line":19,"column":4}}},"fnMap":{"0":{"name":"(anonymous_0)","decl":{"start":{"line":9,"column":21},"end":{"line":9,"column":22}},"loc":{"start":{"line":9,"column":27},"end":{"line":20,"column":1}},"line":9}},"branchMap":{},"s":{"0":1,"1":1},"f":{"0":1},"b":{},"_coverageSchema":"332fd63041d2c1bcb487cc26dd0d5f7d97098a6c","hash":"36b97140e3c05a723c1367fbaa0740a5a5e40804"}
,"/Users/aandeladeveloper/Desktop/PostIt/client/src/components/presentation/SideNav.jsx": {"path":"/Users/aandeladeveloper/Desktop/PostIt/client/src/components/presentation/SideNav.jsx","statementMap":{"0":{"start":{"line":5,"column":16},"end":{"line":33,"column":1}},"1":{"start":{"line":8,"column":2},"end":{"line":32,"column":4}},"2":{"start":{"line":35,"column":0},"end":{"line":40,"column":2}}},"fnMap":{"0":{"name":"(anonymous_0)","decl":{"start":{"line":5,"column":16},"end":{"line":5,"column":17}},"loc":{"start":{"line":7,"column":6},"end":{"line":33,"column":1}},"line":7}},"branchMap":{},"s":{"0":1,"1":1,"2":1},"f":{"0":1},"b":{},"_coverageSchema":"332fd63041d2c1bcb487cc26dd0d5f7d97098a6c","hash":"e380bfae4c8e39833c20fbda0af613f6f72a18a9"}
,"/Users/aandeladeveloper/Desktop/PostIt/client/src/components/presentation/User.jsx": {"path":"/Users/aandeladeveloper/Desktop/PostIt/client/src/components/presentation/User.jsx","statementMap":{"0":{"start":{"line":8,"column":13},"end":{"line":18,"column":1}},"1":{"start":{"line":9,"column":2},"end":{"line":17,"column":4}},"2":{"start":{"line":20,"column":0},"end":{"line":26,"column":2}}},"fnMap":{"0":{"name":"(anonymous_0)","decl":{"start":{"line":8,"column":13},"end":{"line":8,"column":14}},"loc":{"start":{"line":8,"column":27},"end":{"line":18,"column":1}},"line":8}},"branchMap":{},"s":{"0":1,"1":1,"2":1},"f":{"0":1},"b":{},"_coverageSchema":"332fd63041d2c1bcb487cc26dd0d5f7d97098a6c","hash":"a29e04053d1e07f8fe34ad4f09c6e2b11de9afc5"}
,"/Users/aandeladeveloper/Desktop/PostIt/client/src/components/presentation/Welcome.jsx": {"path":"/Users/aandeladeveloper/Desktop/PostIt/client/src/components/presentation/Welcome.jsx","statementMap":{"0":{"start":{"line":3,"column":16},"end":{"line":25,"column":1}},"1":{"start":{"line":4,"column":2},"end":{"line":24,"column":4}}},"fnMap":{"0":{"name":"(anonymous_0)","decl":{"start":{"line":3,"column":16},"end":{"line":3,"column":17}},"loc":{"start":{"line":3,"column":22},"end":{"line":25,"column":1}},"line":3}},"branchMap":{},"s":{"0":1,"1":1},"f":{"0":1},"b":{},"_coverageSchema":"332fd63041d2c1bcb487cc26dd0d5f7d97098a6c","hash":"9d6899e2aee920d949152a67059a16448cd940ba"}
,"/Users/aandeladeveloper/Desktop/PostIt/client/src/reducers/auth.js": {"path":"/Users/aandeladeveloper/Desktop/PostIt/client/src/reducers/auth.js","statementMap":{"0":{"start":{"line":6,"column":21},"end":{"line":9,"column":1}},"1":{"start":{"line":18,"column":2},"end":{"line":25,"column":3}},"2":{"start":{"line":20,"column":6},"end":{"line":23,"column":8}},"3":{"start":{"line":24,"column":13},"end":{"line":24,"column":26}}},"fnMap":{"0":{"name":"(anonymous_0)","decl":{"start":{"line":17,"column":15},"end":{"line":17,"column":16}},"loc":{"start":{"line":17,"column":54},"end":{"line":26,"column":1}},"line":17}},"branchMap":{"0":{"loc":{"start":{"line":17,"column":16},"end":{"line":17,"column":36}},"type":"default-arg","locations":[{"start":{"line":17,"column":24},"end":{"line":17,"column":36}}],"line":17},"1":{"loc":{"start":{"line":17,"column":38},"end":{"line":17,"column":49}},"type":"default-arg","locations":[{"start":{"line":17,"column":47},"end":{"line":17,"column":49}}],"line":17},"2":{"loc":{"start":{"line":18,"column":2},"end":{"line":25,"column":3}},"type":"switch","locations":[{"start":{"line":19,"column":4},"end":{"line":23,"column":8}},{"start":{"line":24,"column":4},"end":{"line":24,"column":26}}],"line":18}},"s":{"0":1,"1":4,"2":2,"3":2},"f":{"0":4},"b":{"0":[1],"1":[0],"2":[2,2]},"_coverageSchema":"332fd63041d2c1bcb487cc26dd0d5f7d97098a6c","hash":"1c2f2ee1094cd6e4efe4f353f2b8b331fed0c296"}
,"/Users/aandeladeveloper/Desktop/PostIt/client/src/reducers/groupReducer.js": {"path":"/Users/aandeladeveloper/Desktop/PostIt/client/src/reducers/groupReducer.js","statementMap":{"0":{"start":{"line":5,"column":21},"end":{"line":10,"column":1}},"1":{"start":{"line":19,"column":18},"end":{"line":19,"column":42}},"2":{"start":{"line":20,"column":22},"end":{"line":20,"column":58}},"3":{"start":{"line":21,"column":2},"end":{"line":54,"column":3}},"4":{"start":{"line":23,"column":6},"end":{"line":23,"column":40}},"5":{"start":{"line":24,"column":6},"end":{"line":24,"column":34}},"6":{"start":{"line":25,"column":6},"end":{"line":25,"column":21}},"7":{"start":{"line":28,"column":6},"end":{"line":28,"column":38}},"8":{"start":{"line":29,"column":6},"end":{"line":29,"column":21}},"9":{"start":{"line":32,"column":6},"end":{"line":32,"column":37}},"10":{"start":{"line":33,"column":6},"end":{"line":33,"column":38}},"11":{"start":{"line":34,"column":6},"end":{"line":34,"column":21}},"12":{"start":{"line":37,"column":6},"end":{"line":37,"column":51}},"13":{"start":{"line":38,"column":6},"end":{"line":38,"column":21}},"14":{"start":{"line":41,"column":6},"end":{"line":41,"column":40}},"15":{"start":{"line":42,"column":6},"end":{"line":42,"column":21}},"16":{"start":{"line":45,"column":6},"end":{"line":45,"column":39}},"17":{"start":{"line":46,"column":6},"end":{"line":46,"column":21}},"18":{"start":{"line":49,"column":6},"end":{"line":49,"column":49}},"19":{"start":{"line":50,"column":6},"end":{"line":50,"column":21}},"20":{"start":{"line":53,"column":6},"end":{"line":53,"column":19}}},"fnMap":{"0":{"name":"(anonymous_0)","decl":{"start":{"line":18,"column":15},"end":{"line":18,"column":16}},"loc":{"start":{"line":18,"column":54},"end":{"line":55,"column":1}},"line":18}},"branchMap":{"0":{"loc":{"start":{"line":18,"column":16},"end":{"line":18,"column":36}},"type":"default-arg","locations":[{"start":{"line":18,"column":24},"end":{"line":18,"column":36}}],"line":18},"1":{"loc":{"start":{"line":18,"column":38},"end":{"line":18,"column":49}},"type":"default-arg","locations":[{"start":{"line":18,"column":47},"end":{"line":18,"column":49}}],"line":18},"2":{"loc":{"start":{"line":21,"column":2},"end":{"line":54,"column":3}},"type":"switch","locations":[{"start":{"line":22,"column":4},"end":{"line":25,"column":21}},{"start":{"line":27,"column":4},"end":{"line":29,"column":21}},{"start":{"line":31,"column":4},"end":{"line":34,"column":21}},{"start":{"line":36,"column":4},"end":{"line":38,"column":21}},{"start":{"line":40,"column":4},"end":{"line":42,"column":21}},{"start":{"line":44,"column":4},"end":{"line":46,"column":21}},{"start":{"line":48,"column":4},"end":{"line":50,"column":21}},{"start":{"line":52,"column":4},"end":{"line":53,"column":19}}],"line":21}},"s":{"0":1,"1":9,"2":9,"3":9,"4":1,"5":1,"6":1,"7":1,"8":1,"9":1,"10":1,"11":1,"12":2,"13":2,"14":1,"15":1,"16":1,"17":1,"18":1,"19":1,"20":1},"f":{"0":9},"b":{"0":[0],"1":[0],"2":[1,1,1,2,1,1,1,1]},"_coverageSchema":"332fd63041d2c1bcb487cc26dd0d5f7d97098a6c","hash":"5722dfc83e25179a71503ebda78fb4de3dfc3dfb"}
,"/Users/aandeladeveloper/Desktop/PostIt/client/src/reducers/messageReducer.js": {"path":"/Users/aandeladeveloper/Desktop/PostIt/client/src/reducers/messageReducer.js","statementMap":{"0":{"start":{"line":3,"column":21},"end":{"line":11,"column":1}},"1":{"start":{"line":20,"column":18},"end":{"line":20,"column":42}},"2":{"start":{"line":21,"column":2},"end":{"line":52,"column":3}},"3":{"start":{"line":23,"column":6},"end":{"line":23,"column":46}},"4":{"start":{"line":24,"column":6},"end":{"line":24,"column":21}},"5":{"start":{"line":27,"column":6},"end":{"line":27,"column":36}},"6":{"start":{"line":28,"column":6},"end":{"line":28,"column":21}},"7":{"start":{"line":31,"column":6},"end":{"line":31,"column":54}},"8":{"start":{"line":32,"column":6},"end":{"line":32,"column":21}},"9":{"start":{"line":35,"column":6},"end":{"line":35,"column":33}},"10":{"start":{"line":36,"column":6},"end":{"line":36,"column":21}},"11":{"start":{"line":39,"column":6},"end":{"line":39,"column":32}},"12":{"start":{"line":40,"column":6},"end":{"line":40,"column":21}},"13":{"start":{"line":43,"column":6},"end":{"line":43,"column":41}},"14":{"start":{"line":44,"column":6},"end":{"line":44,"column":21}},"15":{"start":{"line":47,"column":6},"end":{"line":47,"column":51}},"16":{"start":{"line":48,"column":6},"end":{"line":48,"column":21}},"17":{"start":{"line":51,"column":6},"end":{"line":51,"column":19}}},"fnMap":{"0":{"name":"(anonymous_0)","decl":{"start":{"line":19,"column":15},"end":{"line":19,"column":16}},"loc":{"start":{"line":19,"column":54},"end":{"line":53,"column":1}},"line":19}},"branchMap":{"0":{"loc":{"start":{"line":19,"column":16},"end":{"line":19,"column":36}},"type":"default-arg","locations":[{"start":{"line":19,"column":24},"end":{"line":19,"column":36}}],"line":19},"1":{"loc":{"start":{"line":19,"column":38},"end":{"line":19,"column":49}},"type":"default-arg","locations":[{"start":{"line":19,"column":47},"end":{"line":19,"column":49}}],"line":19},"2":{"loc":{"start":{"line":21,"column":2},"end":{"line":52,"column":3}},"type":"switch","locations":[{"start":{"line":22,"column":4},"end":{"line":24,"column":21}},{"start":{"line":26,"column":4},"end":{"line":28,"column":21}},{"start":{"line":30,"column":4},"end":{"line":32,"column":21}},{"start":{"line":34,"column":4},"end":{"line":36,"column":21}},{"start":{"line":38,"column":4},"end":{"line":40,"column":21}},{"start":{"line":42,"column":4},"end":{"line":44,"column":21}},{"start":{"line":46,"column":4},"end":{"line":48,"column":21}},{"start":{"line":50,"column":4},"end":{"line":51,"column":19}}],"line":21}},"s":{"0":1,"1":8,"2":8,"3":1,"4":1,"5":1,"6":1,"7":1,"8":1,"9":1,"10":1,"11":1,"12":1,"13":1,"14":1,"15":1,"16":1,"17":1},"f":{"0":8},"b":{"0":[0],"1":[0],"2":[1,1,1,1,1,1,1,1]},"_coverageSchema":"332fd63041d2c1bcb487cc26dd0d5f7d97098a6c","hash":"9f239a09e821fc9c167f3938e9ec9df6bdff2853"}
,"/Users/aandeladeveloper/Desktop/PostIt/client/src/reducers/userReducer.js": {"path":"/Users/aandeladeveloper/Desktop/PostIt/client/src/reducers/userReducer.js","statementMap":{"0":{"start":{"line":3,"column":21},"end":{"line":5,"column":1}},"1":{"start":{"line":8,"column":18},"end":{"line":8,"column":42}},"2":{"start":{"line":9,"column":2},"end":{"line":15,"column":3}},"3":{"start":{"line":11,"column":6},"end":{"line":11,"column":35}},"4":{"start":{"line":12,"column":6},"end":{"line":12,"column":21}},"5":{"start":{"line":14,"column":13},"end":{"line":14,"column":26}}},"fnMap":{"0":{"name":"(anonymous_0)","decl":{"start":{"line":7,"column":15},"end":{"line":7,"column":16}},"loc":{"start":{"line":7,"column":54},"end":{"line":16,"column":1}},"line":7}},"branchMap":{"0":{"loc":{"start":{"line":7,"column":16},"end":{"line":7,"column":36}},"type":"default-arg","locations":[{"start":{"line":7,"column":24},"end":{"line":7,"column":36}}],"line":7},"1":{"loc":{"start":{"line":7,"column":38},"end":{"line":7,"column":49}},"type":"default-arg","locations":[{"start":{"line":7,"column":47},"end":{"line":7,"column":49}}],"line":7},"2":{"loc":{"start":{"line":9,"column":2},"end":{"line":15,"column":3}},"type":"switch","locations":[{"start":{"line":10,"column":4},"end":{"line":12,"column":21}},{"start":{"line":14,"column":4},"end":{"line":14,"column":26}}],"line":9}},"s":{"0":1,"1":2,"2":2,"3":1,"4":1,"5":1},"f":{"0":2},"b":{"0":[0],"1":[0],"2":[1,1]},"_coverageSchema":"332fd63041d2c1bcb487cc26dd0d5f7d97098a6c","hash":"fd26bde700602d224afa77277d7a659f1f4032ad"}
,"/Users/aandeladeveloper/Desktop/PostIt/client/src/utils/setAuthorizationToken.js": {"path":"/Users/aandeladeveloper/Desktop/PostIt/client/src/utils/setAuthorizationToken.js","statementMap":{"0":{"start":{"line":12,"column":2},"end":{"line":16,"column":3}},"1":{"start":{"line":13,"column":4},"end":{"line":13,"column":68}},"2":{"start":{"line":15,"column":4},"end":{"line":15,"column":55}}},"fnMap":{"0":{"name":"setAuthorizationToken","decl":{"start":{"line":11,"column":24},"end":{"line":11,"column":45}},"loc":{"start":{"line":11,"column":53},"end":{"line":17,"column":1}},"line":11}},"branchMap":{"0":{"loc":{"start":{"line":12,"column":2},"end":{"line":16,"column":3}},"type":"if","locations":[{"start":{"line":12,"column":2},"end":{"line":16,"column":3}},{"start":{"line":12,"column":2},"end":{"line":16,"column":3}}],"line":12}},"s":{"0":0,"1":0,"2":0},"f":{"0":0},"b":{"0":[0,0]},"_coverageSchema":"332fd63041d2c1bcb487cc26dd0d5f7d97098a6c","hash":"1cdd6baf74d171e2d683433f7676bcc9f492012b"}
,"/Users/aandeladeveloper/Desktop/PostIt/client/test/jestsetup.js": {"path":"/Users/aandeladeveloper/Desktop/PostIt/client/test/jestsetup.js","statementMap":{"0":{"start":{"line":4,"column":0},"end":{"line":4,"column":25}},"1":{"start":{"line":5,"column":0},"end":{"line":5,"column":23}},"2":{"start":{"line":6,"column":0},"end":{"line":6,"column":21}},"3":{"start":{"line":8,"column":0},"end":{"line":10,"column":2}},"4":{"start":{"line":9,"column":2},"end":{"line":9,"column":27}}},"fnMap":{"0":{"name":"(anonymous_0)","decl":{"start":{"line":8,"column":16},"end":{"line":8,"column":17}},"loc":{"start":{"line":8,"column":29},"end":{"line":10,"column":1}},"line":8}},"branchMap":{},"s":{"0":18,"1":18,"2":18,"3":18,"4":0},"f":{"0":0},"b":{},"_coverageSchema":"332fd63041d2c1bcb487cc26dd0d5f7d97098a6c","hash":"aa1a1aff5c41b025530a26fe8a73cf29ac5bb0c3"}
}
