{"/Users/aandeladeveloper/Desktop/PostIt/dist/app.js":{"path":"/Users/aandeladeveloper/Desktop/PostIt/dist/app.js","s":{"1":1,"2":1,"3":1,"4":1,"5":1,"6":1,"7":1,"8":1,"9":1,"10":1,"11":1,"12":1,"13":1,"14":1,"15":1,"16":1,"17":1,"18":1,"19":8,"20":1,"21":1,"22":1,"23":1,"24":1,"25":1,"26":1,"27":1,"28":1,"29":1,"30":1,"31":1,"32":0,"33":1,"34":1,"35":0,"36":0,"37":1},"b":{"1":[2,6],"2":[8,8],"3":[1,1],"4":[0,1]},"f":{"1":8,"2":0,"3":0},"fnMap":{"1":{"name":"_interopRequireDefault","line":39,"loc":{"start":{"line":39,"column":0},"end":{"line":39,"column":37}}},"2":{"name":"(anonymous_2)","line":68,"loc":{"start":{"line":68,"column":13},"end":{"line":68,"column":33}}},"3":{"name":"(anonymous_3)","line":77,"loc":{"start":{"line":77,"column":19},"end":{"line":77,"column":31}}}},"statementMap":{"1":{"start":{"line":3,"column":0},"end":{"line":5,"column":3}},"2":{"start":{"line":7,"column":0},"end":{"line":7,"column":34}},"3":{"start":{"line":9,"column":0},"end":{"line":9,"column":49}},"4":{"start":{"line":11,"column":0},"end":{"line":11,"column":32}},"5":{"start":{"line":13,"column":0},"end":{"line":13,"column":47}},"6":{"start":{"line":15,"column":0},"end":{"line":15,"column":41}},"7":{"start":{"line":17,"column":0},"end":{"line":17,"column":55}},"8":{"start":{"line":19,"column":0},"end":{"line":19,"column":28}},"9":{"start":{"line":21,"column":0},"end":{"line":21,"column":43}},"10":{"start":{"line":23,"column":0},"end":{"line":23,"column":49}},"11":{"start":{"line":25,"column":0},"end":{"line":25,"column":63}},"12":{"start":{"line":27,"column":0},"end":{"line":27,"column":32}},"13":{"start":{"line":29,"column":0},"end":{"line":29,"column":47}},"14":{"start":{"line":31,"column":0},"end":{"line":31,"column":54}},"15":{"start":{"line":33,"column":0},"end":{"line":33,"column":53}},"16":{"start":{"line":35,"column":0},"end":{"line":35,"column":46}},"17":{"start":{"line":37,"column":0},"end":{"line":37,"column":45}},"18":{"start":{"line":39,"column":0},"end":{"line":39,"column":95}},"19":{"start":{"line":39,"column":39},"end":{"line":39,"column":93}},"20":{"start":{"line":41,"column":0},"end":{"line":41,"column":26}},"21":{"start":{"line":44,"column":0},"end":{"line":44,"column":35}},"22":{"start":{"line":46,"column":0},"end":{"line":46,"column":58}},"23":{"start":{"line":47,"column":0},"end":{"line":47,"column":30}},"24":{"start":{"line":49,"column":0},"end":{"line":49,"column":38}},"25":{"start":{"line":52,"column":0},"end":{"line":52,"column":61}},"26":{"start":{"line":53,"column":0},"end":{"line":53,"column":37}},"27":{"start":{"line":54,"column":0},"end":{"line":54,"column":85}},"28":{"start":{"line":56,"column":0},"end":{"line":60,"column":4}},"29":{"start":{"line":64,"column":0},"end":{"line":64,"column":29}},"30":{"start":{"line":65,"column":0},"end":{"line":65,"column":26}},"31":{"start":{"line":68,"column":0},"end":{"line":72,"column":3}},"32":{"start":{"line":69,"column":2},"end":{"line":71,"column":5}},"33":{"start":{"line":74,"column":0},"end":{"line":74,"column":50}},"34":{"start":{"line":76,"column":0},"end":{"line":80,"column":1}},"35":{"start":{"line":77,"column":2},"end":{"line":79,"column":5}},"36":{"start":{"line":78,"column":4},"end":{"line":78,"column":45}},"37":{"start":{"line":82,"column":0},"end":{"line":82,"column":22}}},"branchMap":{"1":{"line":39,"type":"cond-expr","locations":[{"start":{"line":39,"column":70},"end":{"line":39,"column":73}},{"start":{"line":39,"column":76},"end":{"line":39,"column":92}}]},"2":{"line":39,"type":"binary-expr","locations":[{"start":{"line":39,"column":46},"end":{"line":39,"column":49}},{"start":{"line":39,"column":53},"end":{"line":39,"column":67}}]},"3":{"line":74,"type":"binary-expr","locations":[{"start":{"line":74,"column":11},"end":{"line":74,"column":41}},{"start":{"line":74,"column":45},"end":{"line":74,"column":49}}]},"4":{"line":76,"type":"if","locations":[{"start":{"line":76,"column":0},"end":{"line":76,"column":0}},{"start":{"line":76,"column":0},"end":{"line":76,"column":0}}]}}},"/Users/aandeladeveloper/Desktop/PostIt/dist/server/routes/apiRoutes.js":{"path":"/Users/aandeladeveloper/Desktop/PostIt/dist/server/routes/apiRoutes.js","s":{"1":1,"2":1,"3":1,"4":1,"5":1,"6":1,"7":1,"8":1,"9":1,"10":1,"11":1,"12":1,"13":5,"14":1,"15":1,"16":1,"17":1,"18":1,"19":1,"20":1,"21":1,"22":1},"b":{"1":[4,1],"2":[5,5]},"f":{"1":5},"fnMap":{"1":{"name":"_interopRequireDefault","line":27,"loc":{"start":{"line":27,"column":0},"end":{"line":27,"column":37}}}},"statementMap":{"1":{"start":{"line":3,"column":0},"end":{"line":5,"column":3}},"2":{"start":{"line":7,"column":0},"end":{"line":7,"column":34}},"3":{"start":{"line":9,"column":0},"end":{"line":9,"column":49}},"4":{"start":{"line":11,"column":0},"end":{"line":11,"column":71}},"5":{"start":{"line":13,"column":0},"end":{"line":13,"column":69}},"6":{"start":{"line":15,"column":0},"end":{"line":15,"column":67}},"7":{"start":{"line":17,"column":0},"end":{"line":17,"column":65}},"8":{"start":{"line":19,"column":0},"end":{"line":19,"column":71}},"9":{"start":{"line":21,"column":0},"end":{"line":21,"column":69}},"10":{"start":{"line":23,"column":0},"end":{"line":23,"column":65}},"11":{"start":{"line":25,"column":0},"end":{"line":25,"column":63}},"12":{"start":{"line":27,"column":0},"end":{"line":27,"column":95}},"13":{"start":{"line":27,"column":39},"end":{"line":27,"column":93}},"14":{"start":{"line":32,"column":0},"end":{"line":32,"column":40}},"15":{"start":{"line":34,"column":0},"end":{"line":34,"column":68}},"16":{"start":{"line":35,"column":0},"end":{"line":35,"column":68}},"17":{"start":{"line":36,"column":0},"end":{"line":36,"column":65}},"18":{"start":{"line":37,"column":0},"end":{"line":37,"column":61}},"19":{"start":{"line":38,"column":0},"end":{"line":38,"column":84}},"20":{"start":{"line":39,"column":0},"end":{"line":39,"column":84}},"21":{"start":{"line":40,"column":0},"end":{"line":40,"column":74}},"22":{"start":{"line":43,"column":0},"end":{"line":43,"column":25}}},"branchMap":{"1":{"line":27,"type":"cond-expr","locations":[{"start":{"line":27,"column":70},"end":{"line":27,"column":73}},{"start":{"line":27,"column":76},"end":{"line":27,"column":92}}]},"2":{"line":27,"type":"binary-expr","locations":[{"start":{"line":27,"column":46},"end":{"line":27,"column":49}},{"start":{"line":27,"column":53},"end":{"line":27,"column":67}}]}}},"/Users/aandeladeveloper/Desktop/PostIt/dist/server/controllers/accountController.js":{"path":"/Users/aandeladeveloper/Desktop/PostIt/dist/server/controllers/accountController.js","s":{"1":1,"2":1,"3":1,"4":1,"5":2,"6":2,"7":2,"8":2,"9":2,"10":2,"11":1,"12":1,"13":0,"14":1,"15":1,"16":1,"17":1,"18":0,"19":0,"20":1,"21":1,"22":1,"23":1,"24":0,"25":1,"26":0,"27":0,"28":0,"29":0,"30":0,"31":0,"32":0,"33":0,"34":0,"35":0,"36":0,"37":0,"38":0,"39":0,"40":1,"41":1},"b":{"1":[2,2],"2":[2,0],"3":[0,1],"4":[1,0],"5":[0,0],"6":[0,0]},"f":{"1":1,"2":1,"3":1,"4":0,"5":1,"6":0,"7":0,"8":0,"9":0,"10":0,"11":0,"12":0},"fnMap":{"1":{"name":"(anonymous_1)","line":7,"loc":{"start":{"line":7,"column":19},"end":{"line":7,"column":31}}},"2":{"name":"defineProperties","line":7,"loc":{"start":{"line":7,"column":33},"end":{"line":7,"column":74}}},"3":{"name":"(anonymous_3)","line":7,"loc":{"start":{"line":7,"column":357},"end":{"line":7,"column":405}}},"4":{"name":"_classCallCheck","line":9,"loc":{"start":{"line":9,"column":0},"end":{"line":9,"column":48}}},"5":{"name":"(anonymous_5)","line":23,"loc":{"start":{"line":23,"column":18},"end":{"line":23,"column":30}}},"6":{"name":"AccountCtrl","line":24,"loc":{"start":{"line":24,"column":2},"end":{"line":24,"column":25}}},"7":{"name":"signup","line":36,"loc":{"start":{"line":36,"column":11},"end":{"line":36,"column":37}}},"8":{"name":"(anonymous_8)","line":41,"loc":{"start":{"line":41,"column":14},"end":{"line":41,"column":33}}},"9":{"name":"(anonymous_9)","line":43,"loc":{"start":{"line":43,"column":15},"end":{"line":43,"column":32}}},"10":{"name":"signin","line":56,"loc":{"start":{"line":56,"column":11},"end":{"line":56,"column":37}}},"11":{"name":"(anonymous_11)","line":63,"loc":{"start":{"line":63,"column":14},"end":{"line":63,"column":33}}},"12":{"name":"(anonymous_12)","line":80,"loc":{"start":{"line":80,"column":15},"end":{"line":80,"column":32}}}},"statementMap":{"1":{"start":{"line":3,"column":0},"end":{"line":5,"column":3}},"2":{"start":{"line":7,"column":0},"end":{"line":7,"column":564}},"3":{"start":{"line":7,"column":33},"end":{"line":7,"column":349}},"4":{"start":{"line":7,"column":76},"end":{"line":7,"column":347}},"5":{"start":{"line":7,"column":117},"end":{"line":7,"column":143}},"6":{"start":{"line":7,"column":144},"end":{"line":7,"column":199}},"7":{"start":{"line":7,"column":200},"end":{"line":7,"column":231}},"8":{"start":{"line":7,"column":232},"end":{"line":7,"column":286}},"9":{"start":{"line":7,"column":259},"end":{"line":7,"column":286}},"10":{"start":{"line":7,"column":287},"end":{"line":7,"column":345}},"11":{"start":{"line":7,"column":350},"end":{"line":7,"column":559}},"12":{"start":{"line":7,"column":407},"end":{"line":7,"column":475}},"13":{"start":{"line":7,"column":423},"end":{"line":7,"column":475}},"14":{"start":{"line":7,"column":476},"end":{"line":7,"column":536}},"15":{"start":{"line":7,"column":493},"end":{"line":7,"column":536}},"16":{"start":{"line":7,"column":537},"end":{"line":7,"column":556}},"17":{"start":{"line":9,"column":0},"end":{"line":9,"column":153}},"18":{"start":{"line":9,"column":50},"end":{"line":9,"column":151}},"19":{"start":{"line":9,"column":92},"end":{"line":9,"column":149}},"20":{"start":{"line":15,"column":0},"end":{"line":15,"column":48}},"21":{"start":{"line":17,"column":0},"end":{"line":17,"column":38}},"22":{"start":{"line":23,"column":0},"end":{"line":90,"column":4}},"23":{"start":{"line":24,"column":2},"end":{"line":26,"column":3}},"24":{"start":{"line":25,"column":4},"end":{"line":25,"column":39}},"25":{"start":{"line":28,"column":2},"end":{"line":87,"column":6}},"26":{"start":{"line":37,"column":6},"end":{"line":45,"column":9}},"27":{"start":{"line":42,"column":8},"end":{"line":42,"column":45}},"28":{"start":{"line":44,"column":8},"end":{"line":44,"column":43}},"29":{"start":{"line":57,"column":6},"end":{"line":57,"column":28}},"30":{"start":{"line":58,"column":6},"end":{"line":58,"column":47}},"31":{"start":{"line":59,"column":6},"end":{"line":85,"column":9}},"32":{"start":{"line":64,"column":8},"end":{"line":64,"column":50}},"33":{"start":{"line":66,"column":8},"end":{"line":66,"column":46}},"34":{"start":{"line":69,"column":8},"end":{"line":79,"column":9}},"35":{"start":{"line":70,"column":10},"end":{"line":70,"column":50}},"36":{"start":{"line":72,"column":10},"end":{"line":74,"column":13}},"37":{"start":{"line":76,"column":10},"end":{"line":78,"column":13}},"38":{"start":{"line":81,"column":8},"end":{"line":81,"column":27}},"39":{"start":{"line":82,"column":8},"end":{"line":84,"column":11}},"40":{"start":{"line":89,"column":2},"end":{"line":89,"column":21}},"41":{"start":{"line":170,"column":0},"end":{"line":170,"column":30}}},"branchMap":{"1":{"line":7,"type":"binary-expr","locations":[{"start":{"line":7,"column":168},"end":{"line":7,"column":189}},{"start":{"line":7,"column":193},"end":{"line":7,"column":198}}]},"2":{"line":7,"type":"if","locations":[{"start":{"line":7,"column":232},"end":{"line":7,"column":232}},{"start":{"line":7,"column":232},"end":{"line":7,"column":232}}]},"3":{"line":7,"type":"if","locations":[{"start":{"line":7,"column":407},"end":{"line":7,"column":407}},{"start":{"line":7,"column":407},"end":{"line":7,"column":407}}]},"4":{"line":7,"type":"if","locations":[{"start":{"line":7,"column":476},"end":{"line":7,"column":476}},{"start":{"line":7,"column":476},"end":{"line":7,"column":476}}]},"5":{"line":9,"type":"if","locations":[{"start":{"line":9,"column":50},"end":{"line":9,"column":50}},{"start":{"line":9,"column":50},"end":{"line":9,"column":50}}]},"6":{"line":69,"type":"if","locations":[{"start":{"line":69,"column":8},"end":{"line":69,"column":8}},{"start":{"line":69,"column":8},"end":{"line":69,"column":8}}]}}},"/Users/aandeladeveloper/Desktop/PostIt/dist/server/data/models/index.js":{"path":"/Users/aandeladeveloper/Desktop/PostIt/dist/server/data/models/index.js","s":{"1":1,"2":1,"3":1,"4":1,"5":1,"6":1,"7":1,"8":1,"9":1,"10":1,"11":1,"12":0,"13":1,"14":1,"15":5,"16":4,"17":4,"18":1,"19":4,"20":0,"21":1,"22":1,"23":1},"b":{"1":[1,1],"2":[0,1],"3":[5,5,4],"4":[0,4]},"f":{"1":5,"2":4,"3":4},"fnMap":{"1":{"name":"(anonymous_1)","line":24,"loc":{"start":{"line":24,"column":33},"end":{"line":24,"column":49}}},"2":{"name":"(anonymous_2)","line":26,"loc":{"start":{"line":26,"column":11},"end":{"line":26,"column":27}}},"3":{"name":"(anonymous_3)","line":31,"loc":{"start":{"line":31,"column":24},"end":{"line":31,"column":45}}}},"statementMap":{"1":{"start":{"line":3,"column":0},"end":{"line":3,"column":23}},"2":{"start":{"line":4,"column":0},"end":{"line":4,"column":27}},"3":{"start":{"line":5,"column":0},"end":{"line":5,"column":37}},"4":{"start":{"line":6,"column":0},"end":{"line":6,"column":31}},"5":{"start":{"line":8,"column":0},"end":{"line":8,"column":48}},"6":{"start":{"line":9,"column":0},"end":{"line":9,"column":46}},"7":{"start":{"line":11,"column":0},"end":{"line":11,"column":46}},"8":{"start":{"line":13,"column":0},"end":{"line":13,"column":12}},"9":{"start":{"line":15,"column":0},"end":{"line":15,"column":16}},"10":{"start":{"line":17,"column":0},"end":{"line":17,"column":23}},"11":{"start":{"line":18,"column":0},"end":{"line":22,"column":1}},"12":{"start":{"line":19,"column":2},"end":{"line":19,"column":53}},"13":{"start":{"line":21,"column":2},"end":{"line":21,"column":40}},"14":{"start":{"line":24,"column":0},"end":{"line":29,"column":3}},"15":{"start":{"line":25,"column":2},"end":{"line":25,"column":82}},"16":{"start":{"line":27,"column":2},"end":{"line":27,"column":59}},"17":{"start":{"line":28,"column":2},"end":{"line":28,"column":25}},"18":{"start":{"line":31,"column":0},"end":{"line":35,"column":3}},"19":{"start":{"line":32,"column":2},"end":{"line":34,"column":3}},"20":{"start":{"line":33,"column":4},"end":{"line":33,"column":32}},"21":{"start":{"line":37,"column":0},"end":{"line":37,"column":25}},"22":{"start":{"line":38,"column":0},"end":{"line":38,"column":25}},"23":{"start":{"line":40,"column":0},"end":{"line":40,"column":20}}},"branchMap":{"1":{"line":8,"type":"binary-expr","locations":[{"start":{"line":8,"column":10},"end":{"line":8,"column":30}},{"start":{"line":8,"column":34},"end":{"line":8,"column":47}}]},"2":{"line":18,"type":"if","locations":[{"start":{"line":18,"column":0},"end":{"line":18,"column":0}},{"start":{"line":18,"column":0},"end":{"line":18,"column":0}}]},"3":{"line":25,"type":"binary-expr","locations":[{"start":{"line":25,"column":9},"end":{"line":25,"column":32}},{"start":{"line":25,"column":36},"end":{"line":25,"column":53}},{"start":{"line":25,"column":57},"end":{"line":25,"column":81}}]},"4":{"line":32,"type":"if","locations":[{"start":{"line":32,"column":2},"end":{"line":32,"column":2}},{"start":{"line":32,"column":2},"end":{"line":32,"column":2}}]}}},"/Users/aandeladeveloper/Desktop/PostIt/dist/server/data/config/config.js":{"path":"/Users/aandeladeveloper/Desktop/PostIt/dist/server/data/config/config.js","s":{"1":1,"2":1},"b":{},"f":{},"fnMap":{},"statementMap":{"1":{"start":{"line":3,"column":0},"end":{"line":3,"column":27}},"2":{"start":{"line":5,"column":0},"end":{"line":18,"column":2}}},"branchMap":{}},"/Users/aandeladeveloper/Desktop/PostIt/dist/server/data/models/account.js":{"path":"/Users/aandeladeveloper/Desktop/PostIt/dist/server/data/models/account.js","s":{"1":1,"2":1,"3":1,"4":1,"5":1,"6":1,"7":1,"8":1,"9":0,"10":1,"11":1},"b":{"1":[0,1],"2":[1,1]},"f":{"1":1,"2":1,"3":0,"4":0},"fnMap":{"1":{"name":"_interopRequireDefault","line":11,"loc":{"start":{"line":11,"column":0},"end":{"line":11,"column":37}}},"2":{"name":"(anonymous_2)","line":13,"loc":{"start":{"line":13,"column":18},"end":{"line":13,"column":50}}},"3":{"name":"(anonymous_3)","line":32,"loc":{"start":{"line":32,"column":23},"end":{"line":32,"column":51}}},"4":{"name":"(anonymous_4)","line":36,"loc":{"start":{"line":36,"column":22},"end":{"line":36,"column":50}}}},"statementMap":{"1":{"start":{"line":3,"column":0},"end":{"line":5,"column":3}},"2":{"start":{"line":7,"column":0},"end":{"line":7,"column":45}},"3":{"start":{"line":9,"column":0},"end":{"line":9,"column":59}},"4":{"start":{"line":11,"column":0},"end":{"line":11,"column":95}},"5":{"start":{"line":11,"column":39},"end":{"line":11,"column":93}},"6":{"start":{"line":13,"column":0},"end":{"line":40,"column":2}},"7":{"start":{"line":14,"column":2},"end":{"line":30,"column":5}},"8":{"start":{"line":32,"column":2},"end":{"line":34,"column":5}},"9":{"start":{"line":33,"column":4},"end":{"line":33,"column":73}},"10":{"start":{"line":36,"column":2},"end":{"line":38,"column":5}},"11":{"start":{"line":39,"column":2},"end":{"line":39,"column":17}}},"branchMap":{"1":{"line":11,"type":"cond-expr","locations":[{"start":{"line":11,"column":70},"end":{"line":11,"column":73}},{"start":{"line":11,"column":76},"end":{"line":11,"column":92}}]},"2":{"line":11,"type":"binary-expr","locations":[{"start":{"line":11,"column":46},"end":{"line":11,"column":49}},{"start":{"line":11,"column":53},"end":{"line":11,"column":67}}]}}},"/Users/aandeladeveloper/Desktop/PostIt/dist/server/data/models/group.js":{"path":"/Users/aandeladeveloper/Desktop/PostIt/dist/server/data/models/group.js","s":{"1":1,"2":1,"3":0,"4":0,"5":1},"b":{},"f":{"1":1,"2":0},"fnMap":{"1":{"name":"(anonymous_1)","line":3,"loc":{"start":{"line":3,"column":17},"end":{"line":3,"column":49}}},"2":{"name":"associate","line":11,"loc":{"start":{"line":11,"column":17},"end":{"line":11,"column":44}}}},"statementMap":{"1":{"start":{"line":3,"column":0},"end":{"line":24,"column":2}},"2":{"start":{"line":4,"column":2},"end":{"line":22,"column":5}},"3":{"start":{"line":12,"column":8},"end":{"line":15,"column":11}},"4":{"start":{"line":16,"column":8},"end":{"line":19,"column":11}},"5":{"start":{"line":23,"column":2},"end":{"line":23,"column":15}}},"branchMap":{}},"/Users/aandeladeveloper/Desktop/PostIt/dist/server/data/models/message.js":{"path":"/Users/aandeladeveloper/Desktop/PostIt/dist/server/data/models/message.js","s":{"1":1,"2":1,"3":1,"4":0,"5":1},"b":{},"f":{"1":1,"2":0},"fnMap":{"1":{"name":"(anonymous_1)","line":7,"loc":{"start":{"line":7,"column":18},"end":{"line":7,"column":50}}},"2":{"name":"associate","line":26,"loc":{"start":{"line":26,"column":17},"end":{"line":26,"column":44}}}},"statementMap":{"1":{"start":{"line":3,"column":0},"end":{"line":5,"column":3}},"2":{"start":{"line":7,"column":0},"end":{"line":35,"column":2}},"3":{"start":{"line":8,"column":2},"end":{"line":33,"column":5}},"4":{"start":{"line":27,"column":8},"end":{"line":30,"column":11}},"5":{"start":{"line":34,"column":2},"end":{"line":34,"column":17}}},"branchMap":{}},"/Users/aandeladeveloper/Desktop/PostIt/dist/server/data/models/users.js":{"path":"/Users/aandeladeveloper/Desktop/PostIt/dist/server/data/models/users.js","s":{"1":1,"2":1,"3":1,"4":0,"5":1},"b":{},"f":{"1":1,"2":0},"fnMap":{"1":{"name":"(anonymous_1)","line":7,"loc":{"start":{"line":7,"column":18},"end":{"line":7,"column":50}}},"2":{"name":"associate","line":19,"loc":{"start":{"line":19,"column":17},"end":{"line":19,"column":44}}}},"statementMap":{"1":{"start":{"line":3,"column":0},"end":{"line":5,"column":3}},"2":{"start":{"line":7,"column":0},"end":{"line":28,"column":2}},"3":{"start":{"line":8,"column":2},"end":{"line":26,"column":5}},"4":{"start":{"line":20,"column":8},"end":{"line":23,"column":11}},"5":{"start":{"line":27,"column":2},"end":{"line":27,"column":14}}},"branchMap":{}},"/Users/aandeladeveloper/Desktop/PostIt/dist/server/controllers/groupController.js":{"path":"/Users/aandeladeveloper/Desktop/PostIt/dist/server/controllers/groupController.js","s":{"1":1,"2":1,"3":1,"4":1,"5":2,"6":2,"7":2,"8":2,"9":2,"10":2,"11":1,"12":1,"13":0,"14":1,"15":1,"16":1,"17":1,"18":0,"19":0,"20":1,"21":1,"22":1,"23":0,"24":1,"25":1,"26":1,"27":1,"28":0,"29":0,"30":0,"31":0,"32":0,"33":1,"34":1},"b":{"1":[2,2],"2":[2,0],"3":[0,1],"4":[1,0],"5":[0,0]},"f":{"1":1,"2":1,"3":1,"4":0,"5":1,"6":0,"7":1,"8":1,"9":0,"10":0,"11":0,"12":0},"fnMap":{"1":{"name":"(anonymous_1)","line":7,"loc":{"start":{"line":7,"column":19},"end":{"line":7,"column":31}}},"2":{"name":"defineProperties","line":7,"loc":{"start":{"line":7,"column":33},"end":{"line":7,"column":74}}},"3":{"name":"(anonymous_3)","line":7,"loc":{"start":{"line":7,"column":357},"end":{"line":7,"column":405}}},"4":{"name":"_classCallCheck","line":9,"loc":{"start":{"line":9,"column":0},"end":{"line":9,"column":48}}},"5":{"name":"(anonymous_5)","line":18,"loc":{"start":{"line":18,"column":16},"end":{"line":18,"column":28}}},"6":{"name":"GroupCtrl","line":19,"loc":{"start":{"line":19,"column":2},"end":{"line":19,"column":23}}},"7":{"name":"createGroup","line":31,"loc":{"start":{"line":31,"column":11},"end":{"line":31,"column":42}}},"8":{"name":"(anonymous_8)","line":35,"loc":{"start":{"line":35,"column":14},"end":{"line":35,"column":31}}},"9":{"name":"(anonymous_9)","line":40,"loc":{"start":{"line":40,"column":15},"end":{"line":40,"column":32}}},"10":{"name":"getGroup","line":56,"loc":{"start":{"line":56,"column":11},"end":{"line":56,"column":39}}},"11":{"name":"(anonymous_11)","line":57,"loc":{"start":{"line":57,"column":29},"end":{"line":57,"column":46}}},"12":{"name":"(anonymous_12)","line":62,"loc":{"start":{"line":62,"column":15},"end":{"line":62,"column":32}}}},"statementMap":{"1":{"start":{"line":3,"column":0},"end":{"line":5,"column":3}},"2":{"start":{"line":7,"column":0},"end":{"line":7,"column":564}},"3":{"start":{"line":7,"column":33},"end":{"line":7,"column":349}},"4":{"start":{"line":7,"column":76},"end":{"line":7,"column":347}},"5":{"start":{"line":7,"column":117},"end":{"line":7,"column":143}},"6":{"start":{"line":7,"column":144},"end":{"line":7,"column":199}},"7":{"start":{"line":7,"column":200},"end":{"line":7,"column":231}},"8":{"start":{"line":7,"column":232},"end":{"line":7,"column":286}},"9":{"start":{"line":7,"column":259},"end":{"line":7,"column":286}},"10":{"start":{"line":7,"column":287},"end":{"line":7,"column":345}},"11":{"start":{"line":7,"column":350},"end":{"line":7,"column":559}},"12":{"start":{"line":7,"column":407},"end":{"line":7,"column":475}},"13":{"start":{"line":7,"column":423},"end":{"line":7,"column":475}},"14":{"start":{"line":7,"column":476},"end":{"line":7,"column":536}},"15":{"start":{"line":7,"column":493},"end":{"line":7,"column":536}},"16":{"start":{"line":7,"column":537},"end":{"line":7,"column":556}},"17":{"start":{"line":9,"column":0},"end":{"line":9,"column":153}},"18":{"start":{"line":9,"column":50},"end":{"line":9,"column":151}},"19":{"start":{"line":9,"column":92},"end":{"line":9,"column":149}},"20":{"start":{"line":12,"column":0},"end":{"line":12,"column":44}},"21":{"start":{"line":18,"column":0},"end":{"line":73,"column":4}},"22":{"start":{"line":19,"column":2},"end":{"line":21,"column":3}},"23":{"start":{"line":20,"column":4},"end":{"line":20,"column":37}},"24":{"start":{"line":23,"column":2},"end":{"line":70,"column":6}},"25":{"start":{"line":32,"column":6},"end":{"line":32,"column":28}},"26":{"start":{"line":33,"column":6},"end":{"line":46,"column":9}},"27":{"start":{"line":36,"column":8},"end":{"line":39,"column":11}},"28":{"start":{"line":42,"column":8},"end":{"line":45,"column":11}},"29":{"start":{"line":57,"column":6},"end":{"line":68,"column":9}},"30":{"start":{"line":58,"column":8},"end":{"line":61,"column":11}},"31":{"start":{"line":63,"column":8},"end":{"line":63,"column":27}},"32":{"start":{"line":64,"column":8},"end":{"line":67,"column":11}},"33":{"start":{"line":72,"column":2},"end":{"line":72,"column":19}},"34":{"start":{"line":121,"column":0},"end":{"line":121,"column":28}}},"branchMap":{"1":{"line":7,"type":"binary-expr","locations":[{"start":{"line":7,"column":168},"end":{"line":7,"column":189}},{"start":{"line":7,"column":193},"end":{"line":7,"column":198}}]},"2":{"line":7,"type":"if","locations":[{"start":{"line":7,"column":232},"end":{"line":7,"column":232}},{"start":{"line":7,"column":232},"end":{"line":7,"column":232}}]},"3":{"line":7,"type":"if","locations":[{"start":{"line":7,"column":407},"end":{"line":7,"column":407}},{"start":{"line":7,"column":407},"end":{"line":7,"column":407}}]},"4":{"line":7,"type":"if","locations":[{"start":{"line":7,"column":476},"end":{"line":7,"column":476}},{"start":{"line":7,"column":476},"end":{"line":7,"column":476}}]},"5":{"line":9,"type":"if","locations":[{"start":{"line":9,"column":50},"end":{"line":9,"column":50}},{"start":{"line":9,"column":50},"end":{"line":9,"column":50}}]}}},"/Users/aandeladeveloper/Desktop/PostIt/dist/server/controllers/messageController.js":{"path":"/Users/aandeladeveloper/Desktop/PostIt/dist/server/controllers/messageController.js","s":{"1":1,"2":1,"3":1,"4":1,"5":2,"6":2,"7":2,"8":2,"9":2,"10":2,"11":1,"12":1,"13":0,"14":1,"15":1,"16":1,"17":1,"18":0,"19":0,"20":1,"21":1,"22":1,"23":0,"24":1,"25":1,"26":1,"27":0,"28":0,"29":0,"30":0,"31":0,"32":0,"33":0,"34":1,"35":1},"b":{"1":[2,2],"2":[2,0],"3":[0,1],"4":[1,0],"5":[0,0]},"f":{"1":1,"2":1,"3":1,"4":0,"5":1,"6":0,"7":1,"8":1,"9":0,"10":0,"11":0,"12":0},"fnMap":{"1":{"name":"(anonymous_1)","line":7,"loc":{"start":{"line":7,"column":19},"end":{"line":7,"column":31}}},"2":{"name":"defineProperties","line":7,"loc":{"start":{"line":7,"column":33},"end":{"line":7,"column":74}}},"3":{"name":"(anonymous_3)","line":7,"loc":{"start":{"line":7,"column":357},"end":{"line":7,"column":405}}},"4":{"name":"_classCallCheck","line":9,"loc":{"start":{"line":9,"column":0},"end":{"line":9,"column":48}}},"5":{"name":"(anonymous_5)","line":17,"loc":{"start":{"line":17,"column":18},"end":{"line":17,"column":30}}},"6":{"name":"MessageCtrl","line":18,"loc":{"start":{"line":18,"column":2},"end":{"line":18,"column":25}}},"7":{"name":"sendMessage","line":30,"loc":{"start":{"line":30,"column":11},"end":{"line":30,"column":42}}},"8":{"name":"(anonymous_8)","line":36,"loc":{"start":{"line":36,"column":14},"end":{"line":36,"column":33}}},"9":{"name":"(anonymous_9)","line":41,"loc":{"start":{"line":41,"column":15},"end":{"line":41,"column":32}}},"10":{"name":"getMessages","line":57,"loc":{"start":{"line":57,"column":11},"end":{"line":57,"column":42}}},"11":{"name":"(anonymous_11)","line":60,"loc":{"start":{"line":60,"column":14},"end":{"line":60,"column":34}}},"12":{"name":"(anonymous_12)","line":64,"loc":{"start":{"line":64,"column":15},"end":{"line":64,"column":32}}}},"statementMap":{"1":{"start":{"line":3,"column":0},"end":{"line":5,"column":3}},"2":{"start":{"line":7,"column":0},"end":{"line":7,"column":564}},"3":{"start":{"line":7,"column":33},"end":{"line":7,"column":349}},"4":{"start":{"line":7,"column":76},"end":{"line":7,"column":347}},"5":{"start":{"line":7,"column":117},"end":{"line":7,"column":143}},"6":{"start":{"line":7,"column":144},"end":{"line":7,"column":199}},"7":{"start":{"line":7,"column":200},"end":{"line":7,"column":231}},"8":{"start":{"line":7,"column":232},"end":{"line":7,"column":286}},"9":{"start":{"line":7,"column":259},"end":{"line":7,"column":286}},"10":{"start":{"line":7,"column":287},"end":{"line":7,"column":345}},"11":{"start":{"line":7,"column":350},"end":{"line":7,"column":559}},"12":{"start":{"line":7,"column":407},"end":{"line":7,"column":475}},"13":{"start":{"line":7,"column":423},"end":{"line":7,"column":475}},"14":{"start":{"line":7,"column":476},"end":{"line":7,"column":536}},"15":{"start":{"line":7,"column":493},"end":{"line":7,"column":536}},"16":{"start":{"line":7,"column":537},"end":{"line":7,"column":556}},"17":{"start":{"line":9,"column":0},"end":{"line":9,"column":153}},"18":{"start":{"line":9,"column":50},"end":{"line":9,"column":151}},"19":{"start":{"line":9,"column":92},"end":{"line":9,"column":149}},"20":{"start":{"line":11,"column":0},"end":{"line":11,"column":49}},"21":{"start":{"line":17,"column":0},"end":{"line":75,"column":4}},"22":{"start":{"line":18,"column":2},"end":{"line":20,"column":3}},"23":{"start":{"line":19,"column":4},"end":{"line":19,"column":39}},"24":{"start":{"line":22,"column":2},"end":{"line":72,"column":6}},"25":{"start":{"line":31,"column":6},"end":{"line":47,"column":9}},"26":{"start":{"line":37,"column":8},"end":{"line":40,"column":11}},"27":{"start":{"line":43,"column":8},"end":{"line":46,"column":11}},"28":{"start":{"line":58,"column":6},"end":{"line":70,"column":9}},"29":{"start":{"line":61,"column":8},"end":{"line":61,"column":43}},"30":{"start":{"line":62,"column":8},"end":{"line":62,"column":30}},"31":{"start":{"line":63,"column":8},"end":{"line":63,"column":22}},"32":{"start":{"line":65,"column":8},"end":{"line":65,"column":27}},"33":{"start":{"line":66,"column":8},"end":{"line":69,"column":11}},"34":{"start":{"line":74,"column":2},"end":{"line":74,"column":21}},"35":{"start":{"line":136,"column":0},"end":{"line":136,"column":30}}},"branchMap":{"1":{"line":7,"type":"binary-expr","locations":[{"start":{"line":7,"column":168},"end":{"line":7,"column":189}},{"start":{"line":7,"column":193},"end":{"line":7,"column":198}}]},"2":{"line":7,"type":"if","locations":[{"start":{"line":7,"column":232},"end":{"line":7,"column":232}},{"start":{"line":7,"column":232},"end":{"line":7,"column":232}}]},"3":{"line":7,"type":"if","locations":[{"start":{"line":7,"column":407},"end":{"line":7,"column":407}},{"start":{"line":7,"column":407},"end":{"line":7,"column":407}}]},"4":{"line":7,"type":"if","locations":[{"start":{"line":7,"column":476},"end":{"line":7,"column":476}},{"start":{"line":7,"column":476},"end":{"line":7,"column":476}}]},"5":{"line":9,"type":"if","locations":[{"start":{"line":9,"column":50},"end":{"line":9,"column":50}},{"start":{"line":9,"column":50},"end":{"line":9,"column":50}}]}}},"/Users/aandeladeveloper/Desktop/PostIt/dist/server/controllers/userController.js":{"path":"/Users/aandeladeveloper/Desktop/PostIt/dist/server/controllers/userController.js","s":{"1":1,"2":1,"3":1,"4":1,"5":1,"6":1,"7":1,"8":1,"9":1,"10":1,"11":1,"12":1,"13":0,"14":1,"15":1,"16":1,"17":1,"18":0,"19":0,"20":1,"21":1,"22":1,"23":0,"24":1,"25":1,"26":1,"27":0,"28":1,"29":1},"b":{"1":[1,1],"2":[1,0],"3":[0,1],"4":[1,0],"5":[0,0]},"f":{"1":1,"2":1,"3":1,"4":0,"5":1,"6":0,"7":1,"8":1,"9":0},"fnMap":{"1":{"name":"(anonymous_1)","line":7,"loc":{"start":{"line":7,"column":19},"end":{"line":7,"column":31}}},"2":{"name":"defineProperties","line":7,"loc":{"start":{"line":7,"column":33},"end":{"line":7,"column":74}}},"3":{"name":"(anonymous_3)","line":7,"loc":{"start":{"line":7,"column":357},"end":{"line":7,"column":405}}},"4":{"name":"_classCallCheck","line":9,"loc":{"start":{"line":9,"column":0},"end":{"line":9,"column":48}}},"5":{"name":"(anonymous_5)","line":16,"loc":{"start":{"line":16,"column":15},"end":{"line":16,"column":27}}},"6":{"name":"UserCtrl","line":17,"loc":{"start":{"line":17,"column":2},"end":{"line":17,"column":22}}},"7":{"name":"addUser","line":29,"loc":{"start":{"line":29,"column":11},"end":{"line":29,"column":38}}},"8":{"name":"(anonymous_8)","line":34,"loc":{"start":{"line":34,"column":14},"end":{"line":34,"column":30}}},"9":{"name":"(anonymous_9)","line":39,"loc":{"start":{"line":39,"column":15},"end":{"line":39,"column":30}}}},"statementMap":{"1":{"start":{"line":3,"column":0},"end":{"line":5,"column":3}},"2":{"start":{"line":7,"column":0},"end":{"line":7,"column":564}},"3":{"start":{"line":7,"column":33},"end":{"line":7,"column":349}},"4":{"start":{"line":7,"column":76},"end":{"line":7,"column":347}},"5":{"start":{"line":7,"column":117},"end":{"line":7,"column":143}},"6":{"start":{"line":7,"column":144},"end":{"line":7,"column":199}},"7":{"start":{"line":7,"column":200},"end":{"line":7,"column":231}},"8":{"start":{"line":7,"column":232},"end":{"line":7,"column":286}},"9":{"start":{"line":7,"column":259},"end":{"line":7,"column":286}},"10":{"start":{"line":7,"column":287},"end":{"line":7,"column":345}},"11":{"start":{"line":7,"column":350},"end":{"line":7,"column":559}},"12":{"start":{"line":7,"column":407},"end":{"line":7,"column":475}},"13":{"start":{"line":7,"column":423},"end":{"line":7,"column":475}},"14":{"start":{"line":7,"column":476},"end":{"line":7,"column":536}},"15":{"start":{"line":7,"column":493},"end":{"line":7,"column":536}},"16":{"start":{"line":7,"column":537},"end":{"line":7,"column":556}},"17":{"start":{"line":9,"column":0},"end":{"line":9,"column":153}},"18":{"start":{"line":9,"column":50},"end":{"line":9,"column":151}},"19":{"start":{"line":9,"column":92},"end":{"line":9,"column":149}},"20":{"start":{"line":11,"column":0},"end":{"line":11,"column":43}},"21":{"start":{"line":16,"column":0},"end":{"line":50,"column":4}},"22":{"start":{"line":17,"column":2},"end":{"line":19,"column":3}},"23":{"start":{"line":18,"column":4},"end":{"line":18,"column":36}},"24":{"start":{"line":21,"column":2},"end":{"line":47,"column":6}},"25":{"start":{"line":31,"column":6},"end":{"line":45,"column":9}},"26":{"start":{"line":35,"column":8},"end":{"line":38,"column":11}},"27":{"start":{"line":41,"column":8},"end":{"line":44,"column":11}},"28":{"start":{"line":49,"column":2},"end":{"line":49,"column":18}},"29":{"start":{"line":80,"column":0},"end":{"line":80,"column":27}}},"branchMap":{"1":{"line":7,"type":"binary-expr","locations":[{"start":{"line":7,"column":168},"end":{"line":7,"column":189}},{"start":{"line":7,"column":193},"end":{"line":7,"column":198}}]},"2":{"line":7,"type":"if","locations":[{"start":{"line":7,"column":232},"end":{"line":7,"column":232}},{"start":{"line":7,"column":232},"end":{"line":7,"column":232}}]},"3":{"line":7,"type":"if","locations":[{"start":{"line":7,"column":407},"end":{"line":7,"column":407}},{"start":{"line":7,"column":407},"end":{"line":7,"column":407}}]},"4":{"line":7,"type":"if","locations":[{"start":{"line":7,"column":476},"end":{"line":7,"column":476}},{"start":{"line":7,"column":476},"end":{"line":7,"column":476}}]},"5":{"line":9,"type":"if","locations":[{"start":{"line":9,"column":50},"end":{"line":9,"column":50}},{"start":{"line":9,"column":50},"end":{"line":9,"column":50}}]}}},"/Users/aandeladeveloper/Desktop/PostIt/dist/server/routes/index.js":{"path":"/Users/aandeladeveloper/Desktop/PostIt/dist/server/routes/index.js","s":{"1":1,"2":1,"3":1,"4":0},"b":{},"f":{"1":1,"2":0},"fnMap":{"1":{"name":"(anonymous_1)","line":11,"loc":{"start":{"line":11,"column":18},"end":{"line":11,"column":33}}},"2":{"name":"(anonymous_2)","line":12,"loc":{"start":{"line":12,"column":15},"end":{"line":12,"column":35}}}},"statementMap":{"1":{"start":{"line":3,"column":0},"end":{"line":5,"column":3}},"2":{"start":{"line":11,"column":0},"end":{"line":15,"column":2}},"3":{"start":{"line":12,"column":2},"end":{"line":14,"column":5}},"4":{"start":{"line":13,"column":4},"end":{"line":13,"column":45}}},"branchMap":{}}}