TN:
SF:/Users/aandeladeveloper/Desktop/PostIt/client/src/actions/authActions.js
FN:15,(anonymous_0)
FN:26,(anonymous_1)
FN:27,(anonymous_2)
FN:43,(anonymous_3)
FN:44,(anonymous_4)
FN:45,(anonymous_5)
FN:64,(anonymous_6)
FN:65,(anonymous_7)
FN:67,(anonymous_8)
FN:82,(anonymous_9)
FN:83,(anonymous_10)
FN:85,(anonymous_11)
FN:96,(anonymous_12)
FN:97,(anonymous_13)
FN:99,(anonymous_14)
FNF:15
FNH:8
FNDA:0,(anonymous_0)
FNDA:0,(anonymous_1)
FNDA:0,(anonymous_2)
FNDA:1,(anonymous_3)
FNDA:1,(anonymous_4)
FNDA:0,(anonymous_5)
FNDA:1,(anonymous_6)
FNDA:1,(anonymous_7)
FNDA:0,(anonymous_8)
FNDA:1,(anonymous_9)
FNDA:1,(anonymous_10)
FNDA:0,(anonymous_11)
FNDA:1,(anonymous_12)
FNDA:1,(anonymous_13)
FNDA:0,(anonymous_14)
DA:16,0
DA:27,0
DA:31,0
DA:32,0
DA:33,0
DA:44,1
DA:45,1
DA:46,0
DA:50,0
DA:51,0
DA:56,0
DA:65,1
DA:66,1
DA:68,0
DA:69,0
DA:83,1
DA:84,1
DA:86,0
DA:87,0
DA:97,1
DA:98,1
DA:100,0
DA:104,0
DA:105,0
DA:110,0
LF:25
LH:8
BRF:0
BRH:0
end_of_record
TN:
SF:/Users/aandeladeveloper/Desktop/PostIt/client/src/actions/groupActions.js
FN:14,(anonymous_0)
FN:15,(anonymous_1)
FN:17,(anonymous_2)
FN:30,(anonymous_3)
FN:40,(anonymous_4)
FN:41,(anonymous_5)
FN:51,(anonymous_6)
FN:61,(anonymous_7)
FN:77,(anonymous_8)
FN:78,(anonymous_9)
FN:80,(anonymous_10)
FN:95,(anonymous_11)
FN:96,(anonymous_12)
FN:98,(anonymous_13)
FNF:14
FNH:10
FNDA:1,(anonymous_0)
FNDA:1,(anonymous_1)
FNDA:0,(anonymous_2)
FNDA:1,(anonymous_3)
FNDA:1,(anonymous_4)
FNDA:1,(anonymous_5)
FNDA:0,(anonymous_6)
FNDA:1,(anonymous_7)
FNDA:1,(anonymous_8)
FNDA:1,(anonymous_9)
FNDA:0,(anonymous_10)
FNDA:1,(anonymous_11)
FNDA:1,(anonymous_12)
FNDA:0,(anonymous_13)
DA:15,1
DA:16,1
DA:18,0
DA:31,1
DA:41,1
DA:46,1
DA:50,1
DA:52,0
DA:56,0
DA:65,1
DA:78,1
DA:79,1
DA:81,0
DA:96,1
DA:97,1
DA:99,0
DA:103,0
LF:17
LH:11
BRF:0
BRH:0
end_of_record
TN:
SF:/Users/aandeladeveloper/Desktop/PostIt/client/src/actions/messageActions.js
FN:12,(anonymous_0)
FN:13,(anonymous_1)
FN:15,(anonymous_2)
FN:32,(anonymous_3)
FN:33,(anonymous_4)
FN:35,(anonymous_5)
FN:49,(anonymous_6)
FN:50,(anonymous_7)
FN:61,(anonymous_8)
FN:62,(anonymous_9)
FN:73,(anonymous_10)
FN:74,(anonymous_11)
FN:76,(anonymous_12)
FN:89,(anonymous_13)
FN:90,(anonymous_14)
FN:92,(anonymous_15)
FN:107,(anonymous_16)
FN:108,(anonymous_17)
FN:110,(anonymous_18)
FNF:19
FNH:10
FNDA:1,(anonymous_0)
FNDA:1,(anonymous_1)
FNDA:0,(anonymous_2)
FNDA:1,(anonymous_3)
FNDA:1,(anonymous_4)
FNDA:0,(anonymous_5)
FNDA:0,(anonymous_6)
FNDA:0,(anonymous_7)
FNDA:0,(anonymous_8)
FNDA:0,(anonymous_9)
FNDA:1,(anonymous_10)
FNDA:1,(anonymous_11)
FNDA:0,(anonymous_12)
FNDA:1,(anonymous_13)
FNDA:1,(anonymous_14)
FNDA:0,(anonymous_15)
FNDA:1,(anonymous_16)
FNDA:1,(anonymous_17)
FNDA:0,(anonymous_18)
DA:13,1
DA:14,1
DA:16,0
DA:17,0
DA:21,0
DA:33,1
DA:34,1
DA:36,0
DA:40,0
DA:50,0
DA:51,0
DA:62,0
DA:63,0
DA:74,1
DA:75,1
DA:77,0
DA:80,0
DA:90,1
DA:91,1
DA:93,0
DA:97,0
DA:108,1
DA:109,1
DA:111,0
DA:115,0
LF:25
LH:10
BRF:0
BRH:0
end_of_record
TN:
SF:/Users/aandeladeveloper/Desktop/PostIt/client/src/actions/signupActions.js
FN:13,(anonymous_0)
FN:14,(anonymous_1)
FN:16,(anonymous_2)
FN:35,(anonymous_3)
FN:36,(anonymous_4)
FN:44,(anonymous_5)
FN:45,(anonymous_6)
FNF:7
FNH:6
FNDA:1,(anonymous_0)
FNDA:1,(anonymous_1)
FNDA:0,(anonymous_2)
FNDA:1,(anonymous_3)
FNDA:1,(anonymous_4)
FNDA:1,(anonymous_5)
FNDA:1,(anonymous_6)
DA:14,1
DA:15,1
DA:17,0
DA:21,0
DA:22,0
DA:27,0
DA:36,1
DA:37,1
DA:45,1
DA:46,1
LF:10
LH:6
BRF:0
BRH:0
end_of_record
TN:
SF:/Users/aandeladeveloper/Desktop/PostIt/client/src/actions/types.js
FNF:0
FNH:0
DA:1,8
DA:2,8
DA:3,8
DA:4,8
DA:5,8
DA:6,8
DA:7,8
DA:8,8
DA:9,8
DA:10,8
DA:11,8
DA:12,8
DA:13,8
DA:14,8
DA:15,8
DA:16,8
DA:17,8
DA:18,8
DA:19,8
LF:19
LH:19
BRF:0
BRH:0
end_of_record
TN:
SF:/Users/aandeladeveloper/Desktop/PostIt/client/src/components/presentation/AddUserModal.jsx
FN:4,(anonymous_0)
FNF:1
FNH:1
FNDA:1,(anonymous_0)
DA:4,1
DA:7,1
DA:33,1
LF:3
LH:3
BRF:0
BRH:0
end_of_record
TN:
SF:/Users/aandeladeveloper/Desktop/PostIt/client/src/components/presentation/GroupHeader.jsx
FN:10,(anonymous_0)
FNF:1
FNH:1
FNDA:2,(anonymous_0)
DA:10,1
DA:11,2
DA:59,1
LF:3
LH:3
BRDA:27,0,0,1
BRDA:27,0,1,1
BRF:2
BRH:2
end_of_record
TN:
SF:/Users/aandeladeveloper/Desktop/PostIt/client/src/components/presentation/Message.jsx
FN:4,(anonymous_0)
FNF:1
FNH:1
FNDA:1,(anonymous_0)
DA:4,1
DA:7,1
DA:46,1
LF:3
LH:3
BRF:0
BRH:0
end_of_record
TN:
SF:/Users/aandeladeveloper/Desktop/PostIt/client/src/components/presentation/MessageHeader.jsx
FN:8,(anonymous_0)
FNF:1
FNH:1
FNDA:1,(anonymous_0)
DA:8,1
DA:9,1
DA:22,1
LF:3
LH:3
BRF:0
BRH:0
end_of_record
TN:
SF:/Users/aandeladeveloper/Desktop/PostIt/client/src/components/presentation/NotFoundPage.jsx
FN:7,(anonymous_0)
FNF:1
FNH:1
FNDA:1,(anonymous_0)
DA:7,1
DA:8,1
LF:2
LH:2
BRF:0
BRH:0
end_of_record
TN:
SF:/Users/aandeladeveloper/Desktop/PostIt/client/src/components/presentation/PreLoader.jsx
FN:7,(anonymous_0)
FNF:1
FNH:1
FNDA:1,(anonymous_0)
DA:7,1
DA:8,1
LF:2
LH:2
BRF:0
BRH:0
end_of_record
TN:
SF:/Users/aandeladeveloper/Desktop/PostIt/client/src/components/presentation/SearchButton.jsx
FN:9,(anonymous_0)
FNF:1
FNH:1
FNDA:1,(anonymous_0)
DA:9,1
DA:10,1
LF:2
LH:2
BRF:0
BRH:0
end_of_record
TN:
SF:/Users/aandeladeveloper/Desktop/PostIt/client/src/components/presentation/SideNav.jsx
FN:5,(anonymous_0)
FNF:1
FNH:1
FNDA:1,(anonymous_0)
DA:5,1
DA:8,1
DA:35,1
LF:3
LH:3
BRF:0
BRH:0
end_of_record
TN:
SF:/Users/aandeladeveloper/Desktop/PostIt/client/src/components/presentation/User.jsx
FN:8,(anonymous_0)
FNF:1
FNH:1
FNDA:1,(anonymous_0)
DA:8,1
DA:9,1
DA:20,1
LF:3
LH:3
BRF:0
BRH:0
end_of_record
TN:
SF:/Users/aandeladeveloper/Desktop/PostIt/client/src/components/presentation/Welcome.jsx
FN:3,(anonymous_0)
FNF:1
FNH:1
FNDA:1,(anonymous_0)
DA:3,1
DA:4,1
LF:2
LH:2
BRF:0
BRH:0
end_of_record
TN:
SF:/Users/aandeladeveloper/Desktop/PostIt/client/src/reducers/auth.js
FN:17,(anonymous_0)
FNF:1
FNH:1
FNDA:4,(anonymous_0)
DA:6,1
DA:18,4
DA:20,2
DA:24,2
LF:4
LH:4
BRDA:17,0,0,1
BRDA:17,1,0,0
BRDA:18,2,0,2
BRDA:18,2,1,2
BRF:4
BRH:3
end_of_record
TN:
SF:/Users/aandeladeveloper/Desktop/PostIt/client/src/reducers/groupReducer.js
FN:18,(anonymous_0)
FNF:1
FNH:1
FNDA:9,(anonymous_0)
DA:5,1
DA:19,9
DA:20,9
DA:21,9
DA:23,1
DA:24,1
DA:25,1
DA:28,1
DA:29,1
DA:32,1
DA:33,1
DA:34,1
DA:37,2
DA:38,2
DA:41,1
DA:42,1
DA:45,1
DA:46,1
DA:49,1
DA:50,1
DA:53,1
LF:21
LH:21
BRDA:18,0,0,0
BRDA:18,1,0,0
BRDA:21,2,0,1
BRDA:21,2,1,1
BRDA:21,2,2,1
BRDA:21,2,3,2
BRDA:21,2,4,1
BRDA:21,2,5,1
BRDA:21,2,6,1
BRDA:21,2,7,1
BRF:10
BRH:8
end_of_record
TN:
SF:/Users/aandeladeveloper/Desktop/PostIt/client/src/reducers/messageReducer.js
FN:19,(anonymous_0)
FNF:1
FNH:1
FNDA:8,(anonymous_0)
DA:3,1
DA:20,8
DA:21,8
DA:23,1
DA:24,1
DA:27,1
DA:28,1
DA:31,1
DA:32,1
DA:35,1
DA:36,1
DA:39,1
DA:40,1
DA:43,1
DA:44,1
DA:47,1
DA:48,1
DA:51,1
LF:18
LH:18
BRDA:19,0,0,0
BRDA:19,1,0,0
BRDA:21,2,0,1
BRDA:21,2,1,1
BRDA:21,2,2,1
BRDA:21,2,3,1
BRDA:21,2,4,1
BRDA:21,2,5,1
BRDA:21,2,6,1
BRDA:21,2,7,1
BRF:10
BRH:8
end_of_record
TN:
SF:/Users/aandeladeveloper/Desktop/PostIt/client/src/reducers/userReducer.js
FN:7,(anonymous_0)
FNF:1
FNH:1
FNDA:2,(anonymous_0)
DA:3,1
DA:8,2
DA:9,2
DA:11,1
DA:12,1
DA:14,1
LF:6
LH:6
BRDA:7,0,0,0
BRDA:7,1,0,0
BRDA:9,2,0,1
BRDA:9,2,1,1
BRF:4
BRH:2
end_of_record
TN:
SF:/Users/aandeladeveloper/Desktop/PostIt/client/src/utils/setAuthorizationToken.js
FN:11,setAuthorizationToken
FNF:1
FNH:0
FNDA:0,setAuthorizationToken
DA:12,0
DA:13,0
DA:15,0
LF:3
LH:0
BRDA:12,0,0,0
BRDA:12,0,1,0
BRF:2
BRH:0
end_of_record
TN:
SF:/Users/aandeladeveloper/Desktop/PostIt/client/test/jestsetup.js
FN:8,(anonymous_0)
FNF:1
FNH:0
FNDA:0,(anonymous_0)
DA:4,18
DA:5,18
DA:6,18
DA:8,18
DA:9,0
LF:5
LH:4
BRF:0
BRH:0
end_of_record
